[2020-08-21 05:38:04,432] multiqc                                            [DEBUG  ]  No MultiQC config found: /usr/local/lib/python3.8/site-packages/multiqc_config.yaml
[2020-08-21 05:38:04,433] multiqc                                            [DEBUG  ]  No MultiQC config found: /home/bhargavam/.multiqc_config.yaml
[2020-08-21 05:38:04,433] multiqc                                            [DEBUG  ]  No MultiQC config found: multiqc_config.yaml
[2020-08-21 05:38:04,433] multiqc                                            [DEBUG  ]  Command used: /usr/local/bin/multiqc .
[2020-08-21 05:38:07,536] multiqc                                            [DEBUG  ]  Latest MultiQC version is v1.9
[2020-08-21 05:38:07,536] multiqc                                            [INFO   ]  This is MultiQC v1.9
[2020-08-21 05:38:07,536] multiqc                                            [DEBUG  ]  Command     : /usr/local/bin/multiqc .
[2020-08-21 05:38:07,536] multiqc                                            [DEBUG  ]  Working dir : /scratch/bhargava/nextflow-test/work/6b/785d145cbf8d2407f15d9f7fa65238
[2020-08-21 05:38:07,537] multiqc                                            [INFO   ]  Template    : default
[2020-08-21 05:38:07,537] multiqc                                            [DEBUG  ]  Running Python 3.8.5 (default, Aug  4 2020, 16:24:08)  [GCC 8.3.0]
[2020-08-21 05:38:07,537] multiqc                                            [INFO   ]  Searching   : /scratch/bhargava/nextflow-test/work/6b/785d145cbf8d2407f15d9f7fa65238
[2020-08-21 05:38:07,538] multiqc                                            [DEBUG  ]  Analysing modules: custom_content, conpair, peddy, somalier, methylQA, mosdepth, phantompeakqualtools, qualimap, preseq, quast, qorts, rna_seqc, rockhopper, rsem, rseqc, busco, goleft_indexcov, disambiguate, supernova, deeptools, sargasso, verifybamid, mirtrace, happy, mirtop, homer, macs2, theta2, snpeff, gatk, htseq, bcftools, featureCounts, fgbio, dragen, dedup, damageprofiler, biobambam2, mtnucratio, picard, prokka, samblaster, samtools, sexdeterrmine, bamtools, jellyfish, vcftools, longranger, stacks, varscan2, bbmap, bismark, biscuit, hicexplorer, hicup, hicpro, salmon, kallisto, slamdunk, star, hisat2, tophat, bowtie2, bowtie1, snpsplit, kat, leehom, adapterRemoval, clipandmerge, cutadapt, flexbar, kaiju, kraken, malt, trimmomatic, sickle, skewer, sortmerna, biobloomtools, fastq_screen, afterqc, fastp, fastqc, pycoqc, minionqc, multivcfanalyzer, clusterflow, bcl2fastq, interop, ivar, flash, seqyclean
[2020-08-21 05:38:07,538] multiqc                                            [DEBUG  ]  Using temporary directory for creating report: /tmp/tmp9q1yepav
[2020-08-21 05:38:07,676] multiqc                                            [DEBUG  ]  File ignored by longranger/invocation because it exceeded search pattern filesize limit: .command.run
[2020-08-21 05:38:07,697] multiqc                                            [DEBUG  ]  File ignored by hicexplorer because it exceeded search pattern filesize limit: sample3_nf_fastqc.html
[2020-08-21 05:38:07,698] multiqc                                            [DEBUG  ]  File ignored by longranger/invocation because it exceeded search pattern filesize limit: sample3_nf_fastqc.html
[2020-08-21 05:38:07,727] multiqc                                            [DEBUG  ]  File ignored by hicexplorer because it exceeded search pattern filesize limit: sub3_fastqc.html
[2020-08-21 05:38:07,729] multiqc                                            [DEBUG  ]  File ignored by longranger/invocation because it exceeded search pattern filesize limit: sub3_fastqc.html
[2020-08-21 05:38:07,756] multiqc                                            [DEBUG  ]  File ignored by hicexplorer because it exceeded search pattern filesize limit: sub1_fastqc.html
[2020-08-21 05:38:07,758] multiqc                                            [DEBUG  ]  File ignored by longranger/invocation because it exceeded search pattern filesize limit: sub1_fastqc.html
[2020-08-21 05:38:07,785] multiqc                                            [DEBUG  ]  File ignored by hicexplorer because it exceeded search pattern filesize limit: sample1_nf_fastqc.html
[2020-08-21 05:38:07,786] multiqc                                            [DEBUG  ]  File ignored by longranger/invocation because it exceeded search pattern filesize limit: sample1_nf_fastqc.html
[2020-08-21 05:38:07,815] multiqc                                            [DEBUG  ]  File ignored by hicexplorer because it exceeded search pattern filesize limit: sub2_fastqc.html
[2020-08-21 05:38:07,816] multiqc                                            [DEBUG  ]  File ignored by longranger/invocation because it exceeded search pattern filesize limit: sub2_fastqc.html
[2020-08-21 05:38:07,843] multiqc                                            [DEBUG  ]  File ignored by hicexplorer because it exceeded search pattern filesize limit: sample2_nf_fastqc.html
[2020-08-21 05:38:07,844] multiqc                                            [DEBUG  ]  File ignored by longranger/invocation because it exceeded search pattern filesize limit: sample2_nf_fastqc.html
[2020-08-21 05:38:08,219] multiqc.plots.bargraph                             [DEBUG  ]  Using matplotlib version 3.3.0
[2020-08-21 05:38:08,220] multiqc.plots.linegraph                            [DEBUG  ]  Using matplotlib version 3.3.0
[2020-08-21 05:38:08,222] multiqc                                            [DEBUG  ]  No samples found: custom_content
[2020-08-21 05:38:08,243] multiqc                                            [DEBUG  ]  No samples found: conpair
[2020-08-21 05:38:08,248] multiqc                                            [DEBUG  ]  No samples found: peddy
[2020-08-21 05:38:08,255] multiqc                                            [DEBUG  ]  No samples found: somalier
[2020-08-21 05:38:08,259] multiqc                                            [DEBUG  ]  No samples found: methylQA
[2020-08-21 05:38:08,265] multiqc                                            [DEBUG  ]  No samples found: mosdepth
[2020-08-21 05:38:08,269] multiqc                                            [DEBUG  ]  No samples found: phantompeakqualtools
[2020-08-21 05:38:08,271] multiqc                                            [DEBUG  ]  No samples found: qualimap
[2020-08-21 05:38:08,275] multiqc                                            [DEBUG  ]  No samples found: preseq
[2020-08-21 05:38:08,279] multiqc                                            [DEBUG  ]  No samples found: quast
[2020-08-21 05:38:08,283] multiqc                                            [DEBUG  ]  No samples found: qorts
[2020-08-21 05:38:08,286] multiqc                                            [DEBUG  ]  No samples found: rna_seqc
[2020-08-21 05:38:08,290] multiqc                                            [DEBUG  ]  No samples found: rockhopper
[2020-08-21 05:38:08,293] multiqc                                            [DEBUG  ]  No samples found: rsem
[2020-08-21 05:38:08,298] multiqc                                            [DEBUG  ]  No samples found: rseqc
[2020-08-21 05:38:08,302] multiqc                                            [DEBUG  ]  No samples found: busco
[2020-08-21 05:38:08,308] multiqc                                            [DEBUG  ]  No samples found: goleft_indexcov
[2020-08-21 05:38:08,312] multiqc                                            [DEBUG  ]  No samples found: disambiguate
[2020-08-21 05:38:08,316] multiqc                                            [DEBUG  ]  No samples found: supernova
[2020-08-21 05:38:08,322] multiqc                                            [DEBUG  ]  No samples found: deeptools
[2020-08-21 05:38:08,327] multiqc                                            [DEBUG  ]  No samples found: sargasso
[2020-08-21 05:38:08,330] multiqc                                            [DEBUG  ]  No samples found: verifybamid
[2020-08-21 05:38:08,334] multiqc                                            [DEBUG  ]  No samples found: mirtrace
[2020-08-21 05:38:08,338] multiqc                                            [DEBUG  ]  No samples found: happy
[2020-08-21 05:38:08,341] multiqc                                            [DEBUG  ]  No samples found: mirtop
[2020-08-21 05:38:08,345] multiqc                                            [DEBUG  ]  No samples found: homer
[2020-08-21 05:38:08,349] multiqc                                            [DEBUG  ]  No samples found: macs2
[2020-08-21 05:38:08,353] multiqc                                            [DEBUG  ]  No samples found: theta2
[2020-08-21 05:38:08,357] multiqc                                            [DEBUG  ]  No samples found: snpeff
[2020-08-21 05:38:08,362] multiqc                                            [DEBUG  ]  No samples found: gatk
[2020-08-21 05:38:08,365] multiqc                                            [DEBUG  ]  No samples found: htseq
[2020-08-21 05:38:08,369] multiqc                                            [DEBUG  ]  No samples found: bcftools
[2020-08-21 05:38:08,373] multiqc                                            [DEBUG  ]  No samples found: featureCounts
[2020-08-21 05:38:08,377] multiqc                                            [DEBUG  ]  No samples found: fgbio
[2020-08-21 05:38:08,385] multiqc                                            [DEBUG  ]  No samples found: dragen
[2020-08-21 05:38:08,389] multiqc                                            [DEBUG  ]  No samples found: dedup
[2020-08-21 05:38:08,392] multiqc                                            [DEBUG  ]  No samples found: damageprofiler
[2020-08-21 05:38:08,403] multiqc                                            [DEBUG  ]  No samples found: biobambam2
[2020-08-21 05:38:08,406] multiqc                                            [DEBUG  ]  No samples found: mtnucratio
[2020-08-21 05:38:08,408] multiqc                                            [DEBUG  ]  No samples found: picard
[2020-08-21 05:38:08,411] multiqc                                            [DEBUG  ]  No samples found: prokka
[2020-08-21 05:38:08,414] multiqc                                            [DEBUG  ]  No samples found: samblaster
[2020-08-21 05:38:08,418] multiqc                                            [DEBUG  ]  No samples found: samtools
[2020-08-21 05:38:08,421] multiqc                                            [DEBUG  ]  No samples found: sexdeterrmine
[2020-08-21 05:38:08,425] multiqc                                            [DEBUG  ]  No samples found: bamtools
[2020-08-21 05:38:08,428] multiqc                                            [DEBUG  ]  No samples found: jellyfish
[2020-08-21 05:38:08,433] multiqc                                            [DEBUG  ]  No samples found: vcftools
[2020-08-21 05:38:08,435] multiqc                                            [DEBUG  ]  No samples found: longranger
[2020-08-21 05:38:08,439] multiqc                                            [DEBUG  ]  No samples found: stacks
[2020-08-21 05:38:08,442] multiqc                                            [DEBUG  ]  No samples found: varscan2
[2020-08-21 05:38:08,448] multiqc                                            [DEBUG  ]  No samples found: bbmap
[2020-08-21 05:38:08,451] multiqc                                            [DEBUG  ]  No samples found: bismark
[2020-08-21 05:38:08,455] multiqc                                            [DEBUG  ]  No samples found: biscuit
[2020-08-21 05:38:08,459] multiqc                                            [DEBUG  ]  No samples found: hicexplorer
[2020-08-21 05:38:08,462] multiqc                                            [DEBUG  ]  No samples found: hicup
[2020-08-21 05:38:08,465] multiqc                                            [DEBUG  ]  No samples found: hicpro
[2020-08-21 05:38:08,468] multiqc                                            [DEBUG  ]  No samples found: salmon
[2020-08-21 05:38:08,471] multiqc                                            [DEBUG  ]  No samples found: kallisto
[2020-08-21 05:38:08,474] multiqc                                            [DEBUG  ]  No samples found: slamdunk
[2020-08-21 05:38:08,477] multiqc                                            [DEBUG  ]  No samples found: star
[2020-08-21 05:38:08,480] multiqc                                            [DEBUG  ]  No samples found: hisat2
[2020-08-21 05:38:08,483] multiqc                                            [DEBUG  ]  No samples found: tophat
[2020-08-21 05:38:08,487] multiqc                                            [DEBUG  ]  No samples found: bowtie2
[2020-08-21 05:38:08,490] multiqc                                            [DEBUG  ]  No samples found: bowtie1
[2020-08-21 05:38:08,493] multiqc                                            [DEBUG  ]  No samples found: snpsplit
[2020-08-21 05:38:08,497] multiqc                                            [DEBUG  ]  No samples found: kat
[2020-08-21 05:38:08,500] multiqc                                            [DEBUG  ]  No samples found: leehom
[2020-08-21 05:38:08,503] multiqc                                            [DEBUG  ]  No samples found: adapterRemoval
[2020-08-21 05:38:08,506] multiqc                                            [DEBUG  ]  No samples found: clipandmerge
[2020-08-21 05:38:08,509] multiqc                                            [DEBUG  ]  No samples found: cutadapt
[2020-08-21 05:38:08,512] multiqc                                            [DEBUG  ]  No samples found: flexbar
[2020-08-21 05:38:08,517] multiqc                                            [DEBUG  ]  No samples found: kaiju
[2020-08-21 05:38:08,520] multiqc                                            [DEBUG  ]  No samples found: kraken
[2020-08-21 05:38:08,523] multiqc                                            [DEBUG  ]  No samples found: malt
[2020-08-21 05:38:08,526] multiqc                                            [DEBUG  ]  No samples found: trimmomatic
[2020-08-21 05:38:08,529] multiqc                                            [DEBUG  ]  No samples found: sickle
[2020-08-21 05:38:08,531] multiqc                                            [DEBUG  ]  No samples found: skewer
[2020-08-21 05:38:08,534] multiqc                                            [DEBUG  ]  No samples found: sortmerna
[2020-08-21 05:38:08,537] multiqc                                            [DEBUG  ]  No samples found: biobloomtools
[2020-08-21 05:38:08,542] multiqc                                            [DEBUG  ]  No samples found: fastq_screen
[2020-08-21 05:38:08,545] multiqc                                            [DEBUG  ]  No samples found: afterqc
[2020-08-21 05:38:08,548] multiqc                                            [DEBUG  ]  No samples found: fastp
[2020-08-21 05:38:08,563] multiqc.modules.fastqc.fastqc                      [INFO   ]  Found 6 reports
[2020-08-21 05:38:08,669] multiqc                                            [DEBUG  ]  No samples found: pycoqc
[2020-08-21 05:38:08,673] multiqc                                            [DEBUG  ]  No samples found: minionqc
[2020-08-21 05:38:08,676] multiqc                                            [DEBUG  ]  No samples found: multivcfanalyzer
[2020-08-21 05:38:08,679] multiqc                                            [DEBUG  ]  No samples found: clusterflow
[2020-08-21 05:38:08,683] multiqc                                            [DEBUG  ]  No samples found: bcl2fastq
[2020-08-21 05:38:08,686] multiqc                                            [DEBUG  ]  No samples found: interop
[2020-08-21 05:38:08,689] multiqc                                            [DEBUG  ]  No samples found: ivar
[2020-08-21 05:38:08,692] multiqc                                            [DEBUG  ]  No samples found: flash
[2020-08-21 05:38:08,695] multiqc                                            [DEBUG  ]  No samples found: seqyclean
[2020-08-21 05:38:08,703] multiqc                                            [INFO   ]  Compressing plot data
[2020-08-21 05:38:08,779] multiqc                                            [INFO   ]  Report      : multiqc_report.html
[2020-08-21 05:38:08,779] multiqc                                            [INFO   ]  Data        : multiqc_data
[2020-08-21 05:38:08,779] multiqc                                            [DEBUG  ]  Moving data file from '/tmp/tmp9q1yepav/multiqc_data' to '/scratch/bhargava/nextflow-test/work/6b/785d145cbf8d2407f15d9f7fa65238/multiqc_data'
[2020-08-21 05:38:08,872] multiqc                                            [INFO   ]  MultiQC complete
