[2020-07-24 11:58:50,646] multiqc                                            [DEBUG  ]  No MultiQC config found: /home/bhargavam/anaconda3/lib/python3.7/site-packages/multiqc_config.yaml
[2020-07-24 11:58:50,646] multiqc                                            [DEBUG  ]  No MultiQC config found: /home/bhargavam/.multiqc_config.yaml
[2020-07-24 11:58:50,647] multiqc                                            [DEBUG  ]  No MultiQC config found: multiqc_config.yaml
[2020-07-24 11:58:50,647] multiqc                                            [DEBUG  ]  Command used: /home/bhargavam/anaconda3/bin/multiqc .
[2020-07-24 11:58:55,654] multiqc                                            [DEBUG  ]  Latest MultiQC version is v1.9
[2020-07-24 11:58:55,654] multiqc                                            [INFO   ]  This is MultiQC v1.9
[2020-07-24 11:58:55,654] multiqc                                            [DEBUG  ]  Command     : /home/bhargavam/anaconda3/bin/multiqc .
[2020-07-24 11:58:55,654] multiqc                                            [DEBUG  ]  Working dir : /scratch/bhargava/nextflow-test/work/d0/32267e15575b9cf7e60e615a208e20
[2020-07-24 11:58:55,654] multiqc                                            [INFO   ]  Template    : default
[2020-07-24 11:58:55,655] multiqc                                            [DEBUG  ]  Running Python 3.7.6 | packaged by conda-forge | (default, Jun  1 2020, 18:57:50)  [GCC 7.5.0]
[2020-07-24 11:58:55,655] multiqc                                            [INFO   ]  Searching   : /scratch/bhargava/nextflow-test/work/d0/32267e15575b9cf7e60e615a208e20
[2020-07-24 11:58:55,656] multiqc                                            [DEBUG  ]  Analysing modules: custom_content, conpair, peddy, somalier, methylQA, mosdepth, phantompeakqualtools, qualimap, preseq, quast, qorts, rna_seqc, rockhopper, rsem, rseqc, busco, goleft_indexcov, disambiguate, supernova, deeptools, sargasso, verifybamid, mirtrace, happy, mirtop, homer, macs2, theta2, snpeff, gatk, htseq, bcftools, featureCounts, fgbio, dragen, dedup, damageprofiler, biobambam2, mtnucratio, picard, prokka, samblaster, samtools, sexdeterrmine, bamtools, jellyfish, vcftools, longranger, stacks, varscan2, bbmap, bismark, biscuit, hicexplorer, hicup, hicpro, salmon, kallisto, slamdunk, star, hisat2, tophat, bowtie2, bowtie1, snpsplit, kat, leehom, adapterRemoval, clipandmerge, cutadapt, flexbar, kaiju, kraken, malt, trimmomatic, sickle, skewer, sortmerna, biobloomtools, fastq_screen, afterqc, fastp, fastqc, pycoqc, minionqc, multivcfanalyzer, clusterflow, bcl2fastq, interop, ivar, flash, seqyclean
[2020-07-24 11:58:55,656] multiqc                                            [DEBUG  ]  Using temporary directory for creating report: /tmp/tmpblxufil_
[2020-07-24 11:58:55,845] multiqc                                            [DEBUG  ]  File ignored by longranger/invocation because it exceeded search pattern filesize limit: .command.run
[2020-07-24 11:58:55,869] multiqc                                            [DEBUG  ]  File ignored by hicexplorer because it exceeded search pattern filesize limit: sample3_nf_fastqc.html
[2020-07-24 11:58:55,870] multiqc                                            [DEBUG  ]  File ignored by longranger/invocation because it exceeded search pattern filesize limit: sample3_nf_fastqc.html
[2020-07-24 11:58:55,870] multiqc                                            [DEBUG  ]  File ignored by rockhopper because it exceeded search pattern filesize limit: sample3_nf_fastqc.html
[2020-07-24 11:58:55,871] multiqc                                            [DEBUG  ]  File ignored by rseqc/bam_stat because it exceeded search pattern filesize limit: sample3_nf_fastqc.html
[2020-07-24 11:58:55,871] multiqc                                            [DEBUG  ]  File ignored by rseqc/junction_annotation because it exceeded search pattern filesize limit: sample3_nf_fastqc.html
[2020-07-24 11:58:55,871] multiqc                                            [DEBUG  ]  File ignored by rseqc/read_distribution because it exceeded search pattern filesize limit: sample3_nf_fastqc.html
[2020-07-24 11:58:55,871] multiqc                                            [DEBUG  ]  File ignored by rseqc/infer_experiment because it exceeded search pattern filesize limit: sample3_nf_fastqc.html
[2020-07-24 11:58:55,919] multiqc                                            [DEBUG  ]  File ignored by hicexplorer because it exceeded search pattern filesize limit: sample1_nf_fastqc.html
[2020-07-24 11:58:55,921] multiqc                                            [DEBUG  ]  File ignored by longranger/invocation because it exceeded search pattern filesize limit: sample1_nf_fastqc.html
[2020-07-24 11:58:55,921] multiqc                                            [DEBUG  ]  File ignored by rockhopper because it exceeded search pattern filesize limit: sample1_nf_fastqc.html
[2020-07-24 11:58:55,921] multiqc                                            [DEBUG  ]  File ignored by rseqc/bam_stat because it exceeded search pattern filesize limit: sample1_nf_fastqc.html
[2020-07-24 11:58:55,921] multiqc                                            [DEBUG  ]  File ignored by rseqc/junction_annotation because it exceeded search pattern filesize limit: sample1_nf_fastqc.html
[2020-07-24 11:58:55,921] multiqc                                            [DEBUG  ]  File ignored by rseqc/read_distribution because it exceeded search pattern filesize limit: sample1_nf_fastqc.html
[2020-07-24 11:58:55,921] multiqc                                            [DEBUG  ]  File ignored by rseqc/infer_experiment because it exceeded search pattern filesize limit: sample1_nf_fastqc.html
[2020-07-24 11:58:55,971] multiqc                                            [DEBUG  ]  File ignored by hicexplorer because it exceeded search pattern filesize limit: sample2_nf_fastqc.html
[2020-07-24 11:58:55,972] multiqc                                            [DEBUG  ]  File ignored by longranger/invocation because it exceeded search pattern filesize limit: sample2_nf_fastqc.html
[2020-07-24 11:58:55,972] multiqc                                            [DEBUG  ]  File ignored by rockhopper because it exceeded search pattern filesize limit: sample2_nf_fastqc.html
[2020-07-24 11:58:55,972] multiqc                                            [DEBUG  ]  File ignored by rseqc/bam_stat because it exceeded search pattern filesize limit: sample2_nf_fastqc.html
[2020-07-24 11:58:55,972] multiqc                                            [DEBUG  ]  File ignored by rseqc/junction_annotation because it exceeded search pattern filesize limit: sample2_nf_fastqc.html
[2020-07-24 11:58:55,972] multiqc                                            [DEBUG  ]  File ignored by rseqc/read_distribution because it exceeded search pattern filesize limit: sample2_nf_fastqc.html
[2020-07-24 11:58:55,972] multiqc                                            [DEBUG  ]  File ignored by rseqc/infer_experiment because it exceeded search pattern filesize limit: sample2_nf_fastqc.html
[2020-07-24 11:58:56,810] multiqc.plots.bargraph                             [DEBUG  ]  Using matplotlib version 3.2.1
[2020-07-24 11:58:56,811] multiqc.plots.linegraph                            [DEBUG  ]  Using matplotlib version 3.2.1
[2020-07-24 11:58:56,812] multiqc                                            [DEBUG  ]  No samples found: custom_content
[2020-07-24 11:58:56,815] multiqc                                            [DEBUG  ]  No samples found: conpair
[2020-07-24 11:58:56,818] multiqc                                            [DEBUG  ]  No samples found: peddy
[2020-07-24 11:58:56,821] multiqc                                            [DEBUG  ]  No samples found: somalier
[2020-07-24 11:58:56,824] multiqc                                            [DEBUG  ]  No samples found: methylQA
[2020-07-24 11:58:56,828] multiqc                                            [DEBUG  ]  No samples found: mosdepth
[2020-07-24 11:58:56,831] multiqc                                            [DEBUG  ]  No samples found: phantompeakqualtools
[2020-07-24 11:58:56,833] multiqc                                            [DEBUG  ]  No samples found: qualimap
[2020-07-24 11:58:56,836] multiqc                                            [DEBUG  ]  No samples found: preseq
[2020-07-24 11:58:56,839] multiqc                                            [DEBUG  ]  No samples found: quast
[2020-07-24 11:58:56,842] multiqc                                            [DEBUG  ]  No samples found: qorts
[2020-07-24 11:58:56,845] multiqc                                            [DEBUG  ]  No samples found: rna_seqc
[2020-07-24 11:58:56,848] multiqc                                            [DEBUG  ]  No samples found: rockhopper
[2020-07-24 11:58:56,850] multiqc                                            [DEBUG  ]  No samples found: rsem
[2020-07-24 11:58:56,855] multiqc                                            [DEBUG  ]  No samples found: rseqc
[2020-07-24 11:58:56,858] multiqc                                            [DEBUG  ]  No samples found: busco
[2020-07-24 11:58:56,860] multiqc                                            [DEBUG  ]  No samples found: goleft_indexcov
[2020-07-24 11:58:56,863] multiqc                                            [DEBUG  ]  No samples found: disambiguate
[2020-07-24 11:58:56,866] multiqc                                            [DEBUG  ]  No samples found: supernova
[2020-07-24 11:58:56,870] multiqc                                            [DEBUG  ]  No samples found: deeptools
[2020-07-24 11:58:56,873] multiqc                                            [DEBUG  ]  No samples found: sargasso
[2020-07-24 11:58:56,876] multiqc                                            [DEBUG  ]  No samples found: verifybamid
[2020-07-24 11:58:56,879] multiqc                                            [DEBUG  ]  No samples found: mirtrace
[2020-07-24 11:58:56,881] multiqc                                            [DEBUG  ]  No samples found: happy
[2020-07-24 11:58:56,884] multiqc                                            [DEBUG  ]  No samples found: mirtop
[2020-07-24 11:58:56,887] multiqc                                            [DEBUG  ]  No samples found: homer
[2020-07-24 11:58:56,890] multiqc                                            [DEBUG  ]  No samples found: macs2
[2020-07-24 11:58:56,892] multiqc                                            [DEBUG  ]  No samples found: theta2
[2020-07-24 11:58:56,895] multiqc                                            [DEBUG  ]  No samples found: snpeff
[2020-07-24 11:58:56,898] multiqc                                            [DEBUG  ]  No samples found: gatk
[2020-07-24 11:58:56,901] multiqc                                            [DEBUG  ]  No samples found: htseq
[2020-07-24 11:58:56,903] multiqc                                            [DEBUG  ]  No samples found: bcftools
[2020-07-24 11:58:56,906] multiqc                                            [DEBUG  ]  No samples found: featureCounts
[2020-07-24 11:58:56,909] multiqc                                            [DEBUG  ]  No samples found: fgbio
[2020-07-24 11:58:56,913] multiqc                                            [DEBUG  ]  No samples found: dragen
[2020-07-24 11:58:56,916] multiqc                                            [DEBUG  ]  No samples found: dedup
[2020-07-24 11:58:56,918] multiqc                                            [DEBUG  ]  No samples found: damageprofiler
[2020-07-24 11:58:56,924] multiqc                                            [DEBUG  ]  No samples found: biobambam2
[2020-07-24 11:58:56,927] multiqc                                            [DEBUG  ]  No samples found: mtnucratio
[2020-07-24 11:58:56,929] multiqc                                            [DEBUG  ]  No samples found: picard
[2020-07-24 11:58:56,931] multiqc                                            [DEBUG  ]  No samples found: prokka
[2020-07-24 11:58:56,934] multiqc                                            [DEBUG  ]  No samples found: samblaster
[2020-07-24 11:58:56,937] multiqc                                            [DEBUG  ]  No samples found: samtools
[2020-07-24 11:58:56,940] multiqc                                            [DEBUG  ]  No samples found: sexdeterrmine
[2020-07-24 11:58:56,942] multiqc                                            [DEBUG  ]  No samples found: bamtools
[2020-07-24 11:58:56,945] multiqc                                            [DEBUG  ]  No samples found: jellyfish
[2020-07-24 11:58:56,948] multiqc                                            [DEBUG  ]  No samples found: vcftools
[2020-07-24 11:58:56,951] multiqc                                            [DEBUG  ]  No samples found: longranger
[2020-07-24 11:58:56,953] multiqc                                            [DEBUG  ]  No samples found: stacks
[2020-07-24 11:58:56,955] multiqc                                            [DEBUG  ]  No samples found: varscan2
[2020-07-24 11:58:56,960] multiqc                                            [DEBUG  ]  No samples found: bbmap
[2020-07-24 11:58:56,962] multiqc                                            [DEBUG  ]  No samples found: bismark
[2020-07-24 11:58:56,965] multiqc                                            [DEBUG  ]  No samples found: biscuit
[2020-07-24 11:58:56,967] multiqc                                            [DEBUG  ]  No samples found: hicexplorer
[2020-07-24 11:58:56,970] multiqc                                            [DEBUG  ]  No samples found: hicup
[2020-07-24 11:58:56,972] multiqc                                            [DEBUG  ]  No samples found: hicpro
[2020-07-24 11:58:56,975] multiqc                                            [DEBUG  ]  No samples found: salmon
[2020-07-24 11:58:56,977] multiqc                                            [DEBUG  ]  No samples found: kallisto
[2020-07-24 11:58:56,979] multiqc                                            [DEBUG  ]  No samples found: slamdunk
[2020-07-24 11:58:56,982] multiqc                                            [DEBUG  ]  No samples found: star
[2020-07-24 11:58:56,984] multiqc                                            [DEBUG  ]  No samples found: hisat2
[2020-07-24 11:58:56,987] multiqc                                            [DEBUG  ]  No samples found: tophat
[2020-07-24 11:58:56,989] multiqc                                            [DEBUG  ]  No samples found: bowtie2
[2020-07-24 11:58:56,991] multiqc                                            [DEBUG  ]  No samples found: bowtie1
[2020-07-24 11:58:56,994] multiqc                                            [DEBUG  ]  No samples found: snpsplit
[2020-07-24 11:58:56,996] multiqc                                            [DEBUG  ]  No samples found: kat
[2020-07-24 11:58:56,999] multiqc                                            [DEBUG  ]  No samples found: leehom
[2020-07-24 11:58:57,001] multiqc                                            [DEBUG  ]  No samples found: adapterRemoval
[2020-07-24 11:58:57,004] multiqc                                            [DEBUG  ]  No samples found: clipandmerge
[2020-07-24 11:58:57,006] multiqc                                            [DEBUG  ]  No samples found: cutadapt
[2020-07-24 11:58:57,008] multiqc                                            [DEBUG  ]  No samples found: flexbar
[2020-07-24 11:58:57,011] multiqc                                            [DEBUG  ]  No samples found: kaiju
[2020-07-24 11:58:57,013] multiqc                                            [DEBUG  ]  No samples found: kraken
[2020-07-24 11:58:57,016] multiqc                                            [DEBUG  ]  No samples found: malt
[2020-07-24 11:58:57,018] multiqc                                            [DEBUG  ]  No samples found: trimmomatic
[2020-07-24 11:58:57,020] multiqc                                            [DEBUG  ]  No samples found: sickle
[2020-07-24 11:58:57,023] multiqc                                            [DEBUG  ]  No samples found: skewer
[2020-07-24 11:58:57,025] multiqc                                            [DEBUG  ]  No samples found: sortmerna
[2020-07-24 11:58:57,028] multiqc                                            [DEBUG  ]  No samples found: biobloomtools
[2020-07-24 11:58:57,030] multiqc                                            [DEBUG  ]  No samples found: fastq_screen
[2020-07-24 11:58:57,033] multiqc                                            [DEBUG  ]  No samples found: afterqc
[2020-07-24 11:58:57,035] multiqc                                            [DEBUG  ]  No samples found: fastp
[2020-07-24 11:58:57,043] multiqc.modules.fastqc.fastqc                      [INFO   ]  Found 3 reports
[2020-07-24 11:58:57,094] multiqc                                            [DEBUG  ]  No samples found: pycoqc
[2020-07-24 11:58:57,096] multiqc                                            [DEBUG  ]  No samples found: minionqc
[2020-07-24 11:58:57,098] multiqc                                            [DEBUG  ]  No samples found: multivcfanalyzer
[2020-07-24 11:58:57,101] multiqc                                            [DEBUG  ]  No samples found: clusterflow
[2020-07-24 11:58:57,103] multiqc                                            [DEBUG  ]  No samples found: bcl2fastq
[2020-07-24 11:58:57,105] multiqc                                            [DEBUG  ]  No samples found: interop
[2020-07-24 11:58:57,108] multiqc                                            [DEBUG  ]  No samples found: ivar
[2020-07-24 11:58:57,110] multiqc                                            [DEBUG  ]  No samples found: flash
[2020-07-24 11:58:57,112] multiqc                                            [DEBUG  ]  No samples found: seqyclean
[2020-07-24 11:58:57,117] multiqc                                            [INFO   ]  Compressing plot data
[2020-07-24 11:58:57,149] multiqc                                            [INFO   ]  Report      : multiqc_report.html
[2020-07-24 11:58:57,149] multiqc                                            [INFO   ]  Data        : multiqc_data
[2020-07-24 11:58:57,149] multiqc                                            [DEBUG  ]  Moving data file from '/tmp/tmpblxufil_/multiqc_data' to '/scratch/bhargava/nextflow-test/work/d0/32267e15575b9cf7e60e615a208e20/multiqc_data'
[2020-07-24 11:58:57,245] multiqc                                            [INFO   ]  MultiQC complete
