[2020-08-20 20:37:46,946] multiqc                                            [DEBUG  ]  No MultiQC config found: /usr/local/lib/python3.8/site-packages/multiqc_config.yaml
[2020-08-20 20:37:46,947] multiqc                                            [DEBUG  ]  No MultiQC config found: /home/bhargavam/.multiqc_config.yaml
[2020-08-20 20:37:46,947] multiqc                                            [DEBUG  ]  No MultiQC config found: multiqc_config.yaml
[2020-08-20 20:37:46,947] multiqc                                            [DEBUG  ]  Command used: /usr/local/bin/multiqc .
[2020-08-20 20:37:48,325] multiqc                                            [DEBUG  ]  Latest MultiQC version is v1.9
[2020-08-20 20:37:48,326] multiqc                                            [INFO   ]  This is MultiQC v1.9
[2020-08-20 20:37:48,326] multiqc                                            [DEBUG  ]  Command     : /usr/local/bin/multiqc .
[2020-08-20 20:37:48,326] multiqc                                            [DEBUG  ]  Working dir : /scratch/bhargava/nextflow-test/work/f0/1cfb6bfc4b50d7b2e7ca23354ce459
[2020-08-20 20:37:48,326] multiqc                                            [INFO   ]  Template    : default
[2020-08-20 20:37:48,326] multiqc                                            [DEBUG  ]  Running Python 3.8.5 (default, Aug  4 2020, 16:24:08)  [GCC 8.3.0]
[2020-08-20 20:37:48,326] multiqc                                            [INFO   ]  Searching   : /scratch/bhargava/nextflow-test/work/f0/1cfb6bfc4b50d7b2e7ca23354ce459
[2020-08-20 20:37:48,327] multiqc                                            [DEBUG  ]  Analysing modules: custom_content, conpair, peddy, somalier, methylQA, mosdepth, phantompeakqualtools, qualimap, preseq, quast, qorts, rna_seqc, rockhopper, rsem, rseqc, busco, goleft_indexcov, disambiguate, supernova, deeptools, sargasso, verifybamid, mirtrace, happy, mirtop, homer, macs2, theta2, snpeff, gatk, htseq, bcftools, featureCounts, fgbio, dragen, dedup, damageprofiler, biobambam2, mtnucratio, picard, prokka, samblaster, samtools, sexdeterrmine, bamtools, jellyfish, vcftools, longranger, stacks, varscan2, bbmap, bismark, biscuit, hicexplorer, hicup, hicpro, salmon, kallisto, slamdunk, star, hisat2, tophat, bowtie2, bowtie1, snpsplit, kat, leehom, adapterRemoval, clipandmerge, cutadapt, flexbar, kaiju, kraken, malt, trimmomatic, sickle, skewer, sortmerna, biobloomtools, fastq_screen, afterqc, fastp, fastqc, pycoqc, minionqc, multivcfanalyzer, clusterflow, bcl2fastq, interop, ivar, flash, seqyclean
[2020-08-20 20:37:48,327] multiqc                                            [DEBUG  ]  Using temporary directory for creating report: /tmp/tmpbwetq8ty
[2020-08-20 20:37:48,456] multiqc                                            [DEBUG  ]  File ignored by longranger/invocation because it exceeded search pattern filesize limit: .command.run
[2020-08-20 20:37:48,477] multiqc                                            [DEBUG  ]  File ignored by hicexplorer because it exceeded search pattern filesize limit: sample3_nf_fastqc.html
[2020-08-20 20:37:48,478] multiqc                                            [DEBUG  ]  File ignored by longranger/invocation because it exceeded search pattern filesize limit: sample3_nf_fastqc.html
[2020-08-20 20:37:48,506] multiqc                                            [DEBUG  ]  File ignored by hicexplorer because it exceeded search pattern filesize limit: sub3_fastqc.html
[2020-08-20 20:37:48,507] multiqc                                            [DEBUG  ]  File ignored by longranger/invocation because it exceeded search pattern filesize limit: sub3_fastqc.html
[2020-08-20 20:37:48,535] multiqc                                            [DEBUG  ]  File ignored by hicexplorer because it exceeded search pattern filesize limit: sub1_fastqc.html
[2020-08-20 20:37:48,536] multiqc                                            [DEBUG  ]  File ignored by longranger/invocation because it exceeded search pattern filesize limit: sub1_fastqc.html
[2020-08-20 20:37:48,563] multiqc                                            [DEBUG  ]  File ignored by hicexplorer because it exceeded search pattern filesize limit: sample1_nf_fastqc.html
[2020-08-20 20:37:48,565] multiqc                                            [DEBUG  ]  File ignored by longranger/invocation because it exceeded search pattern filesize limit: sample1_nf_fastqc.html
[2020-08-20 20:37:48,593] multiqc                                            [DEBUG  ]  File ignored by hicexplorer because it exceeded search pattern filesize limit: sub2_fastqc.html
[2020-08-20 20:37:48,595] multiqc                                            [DEBUG  ]  File ignored by longranger/invocation because it exceeded search pattern filesize limit: sub2_fastqc.html
[2020-08-20 20:37:48,621] multiqc                                            [DEBUG  ]  File ignored by hicexplorer because it exceeded search pattern filesize limit: sample2_nf_fastqc.html
[2020-08-20 20:37:48,622] multiqc                                            [DEBUG  ]  File ignored by longranger/invocation because it exceeded search pattern filesize limit: sample2_nf_fastqc.html
[2020-08-20 20:37:48,954] multiqc.plots.bargraph                             [DEBUG  ]  Using matplotlib version 3.3.0
[2020-08-20 20:37:48,955] multiqc.plots.linegraph                            [DEBUG  ]  Using matplotlib version 3.3.0
[2020-08-20 20:37:48,956] multiqc                                            [DEBUG  ]  No samples found: custom_content
[2020-08-20 20:37:48,978] multiqc                                            [DEBUG  ]  No samples found: conpair
[2020-08-20 20:37:48,981] multiqc                                            [DEBUG  ]  No samples found: peddy
[2020-08-20 20:37:48,984] multiqc                                            [DEBUG  ]  No samples found: somalier
[2020-08-20 20:37:48,987] multiqc                                            [DEBUG  ]  No samples found: methylQA
[2020-08-20 20:37:48,993] multiqc                                            [DEBUG  ]  No samples found: mosdepth
[2020-08-20 20:37:48,996] multiqc                                            [DEBUG  ]  No samples found: phantompeakqualtools
[2020-08-20 20:37:48,998] multiqc                                            [DEBUG  ]  No samples found: qualimap
[2020-08-20 20:37:49,001] multiqc                                            [DEBUG  ]  No samples found: preseq
[2020-08-20 20:37:49,004] multiqc                                            [DEBUG  ]  No samples found: quast
[2020-08-20 20:37:49,007] multiqc                                            [DEBUG  ]  No samples found: qorts
[2020-08-20 20:37:49,010] multiqc                                            [DEBUG  ]  No samples found: rna_seqc
[2020-08-20 20:37:49,013] multiqc                                            [DEBUG  ]  No samples found: rockhopper
[2020-08-20 20:37:49,015] multiqc                                            [DEBUG  ]  No samples found: rsem
[2020-08-20 20:37:49,020] multiqc                                            [DEBUG  ]  No samples found: rseqc
[2020-08-20 20:37:49,023] multiqc                                            [DEBUG  ]  No samples found: busco
[2020-08-20 20:37:49,027] multiqc                                            [DEBUG  ]  No samples found: goleft_indexcov
[2020-08-20 20:37:49,030] multiqc                                            [DEBUG  ]  No samples found: disambiguate
[2020-08-20 20:37:49,033] multiqc                                            [DEBUG  ]  No samples found: supernova
[2020-08-20 20:37:49,038] multiqc                                            [DEBUG  ]  No samples found: deeptools
[2020-08-20 20:37:49,042] multiqc                                            [DEBUG  ]  No samples found: sargasso
[2020-08-20 20:37:49,045] multiqc                                            [DEBUG  ]  No samples found: verifybamid
[2020-08-20 20:37:49,048] multiqc                                            [DEBUG  ]  No samples found: mirtrace
[2020-08-20 20:37:49,052] multiqc                                            [DEBUG  ]  No samples found: happy
[2020-08-20 20:37:49,054] multiqc                                            [DEBUG  ]  No samples found: mirtop
[2020-08-20 20:37:49,058] multiqc                                            [DEBUG  ]  No samples found: homer
[2020-08-20 20:37:49,061] multiqc                                            [DEBUG  ]  No samples found: macs2
[2020-08-20 20:37:49,064] multiqc                                            [DEBUG  ]  No samples found: theta2
[2020-08-20 20:37:49,067] multiqc                                            [DEBUG  ]  No samples found: snpeff
[2020-08-20 20:37:49,071] multiqc                                            [DEBUG  ]  No samples found: gatk
[2020-08-20 20:37:49,074] multiqc                                            [DEBUG  ]  No samples found: htseq
[2020-08-20 20:37:49,078] multiqc                                            [DEBUG  ]  No samples found: bcftools
[2020-08-20 20:37:49,081] multiqc                                            [DEBUG  ]  No samples found: featureCounts
[2020-08-20 20:37:49,084] multiqc                                            [DEBUG  ]  No samples found: fgbio
[2020-08-20 20:37:49,090] multiqc                                            [DEBUG  ]  No samples found: dragen
[2020-08-20 20:37:49,093] multiqc                                            [DEBUG  ]  No samples found: dedup
[2020-08-20 20:37:49,096] multiqc                                            [DEBUG  ]  No samples found: damageprofiler
[2020-08-20 20:37:49,105] multiqc                                            [DEBUG  ]  No samples found: biobambam2
[2020-08-20 20:37:49,113] multiqc                                            [DEBUG  ]  No samples found: mtnucratio
[2020-08-20 20:37:49,115] multiqc                                            [DEBUG  ]  No samples found: picard
[2020-08-20 20:37:49,118] multiqc                                            [DEBUG  ]  No samples found: prokka
[2020-08-20 20:37:49,122] multiqc                                            [DEBUG  ]  No samples found: samblaster
[2020-08-20 20:37:49,126] multiqc                                            [DEBUG  ]  No samples found: samtools
[2020-08-20 20:37:49,129] multiqc                                            [DEBUG  ]  No samples found: sexdeterrmine
[2020-08-20 20:37:49,133] multiqc                                            [DEBUG  ]  No samples found: bamtools
[2020-08-20 20:37:49,137] multiqc                                            [DEBUG  ]  No samples found: jellyfish
[2020-08-20 20:37:49,141] multiqc                                            [DEBUG  ]  No samples found: vcftools
[2020-08-20 20:37:49,144] multiqc                                            [DEBUG  ]  No samples found: longranger
[2020-08-20 20:37:49,148] multiqc                                            [DEBUG  ]  No samples found: stacks
[2020-08-20 20:37:49,151] multiqc                                            [DEBUG  ]  No samples found: varscan2
[2020-08-20 20:37:49,156] multiqc                                            [DEBUG  ]  No samples found: bbmap
[2020-08-20 20:37:49,160] multiqc                                            [DEBUG  ]  No samples found: bismark
[2020-08-20 20:37:49,163] multiqc                                            [DEBUG  ]  No samples found: biscuit
[2020-08-20 20:37:49,167] multiqc                                            [DEBUG  ]  No samples found: hicexplorer
[2020-08-20 20:37:49,170] multiqc                                            [DEBUG  ]  No samples found: hicup
[2020-08-20 20:37:49,173] multiqc                                            [DEBUG  ]  No samples found: hicpro
[2020-08-20 20:37:49,175] multiqc                                            [DEBUG  ]  No samples found: salmon
[2020-08-20 20:37:49,179] multiqc                                            [DEBUG  ]  No samples found: kallisto
[2020-08-20 20:37:49,182] multiqc                                            [DEBUG  ]  No samples found: slamdunk
[2020-08-20 20:37:49,185] multiqc                                            [DEBUG  ]  No samples found: star
[2020-08-20 20:37:49,188] multiqc                                            [DEBUG  ]  No samples found: hisat2
[2020-08-20 20:37:49,191] multiqc                                            [DEBUG  ]  No samples found: tophat
[2020-08-20 20:37:49,194] multiqc                                            [DEBUG  ]  No samples found: bowtie2
[2020-08-20 20:37:49,197] multiqc                                            [DEBUG  ]  No samples found: bowtie1
[2020-08-20 20:37:49,200] multiqc                                            [DEBUG  ]  No samples found: snpsplit
[2020-08-20 20:37:49,203] multiqc                                            [DEBUG  ]  No samples found: kat
[2020-08-20 20:37:49,206] multiqc                                            [DEBUG  ]  No samples found: leehom
[2020-08-20 20:37:49,209] multiqc                                            [DEBUG  ]  No samples found: adapterRemoval
[2020-08-20 20:37:49,212] multiqc                                            [DEBUG  ]  No samples found: clipandmerge
[2020-08-20 20:37:49,215] multiqc                                            [DEBUG  ]  No samples found: cutadapt
[2020-08-20 20:37:49,218] multiqc                                            [DEBUG  ]  No samples found: flexbar
[2020-08-20 20:37:49,223] multiqc                                            [DEBUG  ]  No samples found: kaiju
[2020-08-20 20:37:49,226] multiqc                                            [DEBUG  ]  No samples found: kraken
[2020-08-20 20:37:49,229] multiqc                                            [DEBUG  ]  No samples found: malt
[2020-08-20 20:37:49,232] multiqc                                            [DEBUG  ]  No samples found: trimmomatic
[2020-08-20 20:37:49,235] multiqc                                            [DEBUG  ]  No samples found: sickle
[2020-08-20 20:37:49,237] multiqc                                            [DEBUG  ]  No samples found: skewer
[2020-08-20 20:37:49,240] multiqc                                            [DEBUG  ]  No samples found: sortmerna
[2020-08-20 20:37:49,243] multiqc                                            [DEBUG  ]  No samples found: biobloomtools
[2020-08-20 20:37:49,247] multiqc                                            [DEBUG  ]  No samples found: fastq_screen
[2020-08-20 20:37:49,250] multiqc                                            [DEBUG  ]  No samples found: afterqc
[2020-08-20 20:37:49,253] multiqc                                            [DEBUG  ]  No samples found: fastp
[2020-08-20 20:37:49,269] multiqc.modules.fastqc.fastqc                      [INFO   ]  Found 6 reports
[2020-08-20 20:37:49,376] multiqc                                            [DEBUG  ]  No samples found: pycoqc
[2020-08-20 20:37:49,379] multiqc                                            [DEBUG  ]  No samples found: minionqc
[2020-08-20 20:37:49,382] multiqc                                            [DEBUG  ]  No samples found: multivcfanalyzer
[2020-08-20 20:37:49,386] multiqc                                            [DEBUG  ]  No samples found: clusterflow
[2020-08-20 20:37:49,390] multiqc                                            [DEBUG  ]  No samples found: bcl2fastq
[2020-08-20 20:37:49,393] multiqc                                            [DEBUG  ]  No samples found: interop
[2020-08-20 20:37:49,396] multiqc                                            [DEBUG  ]  No samples found: ivar
[2020-08-20 20:37:49,399] multiqc                                            [DEBUG  ]  No samples found: flash
[2020-08-20 20:37:49,402] multiqc                                            [DEBUG  ]  No samples found: seqyclean
[2020-08-20 20:37:49,411] multiqc                                            [INFO   ]  Compressing plot data
[2020-08-20 20:37:49,486] multiqc                                            [INFO   ]  Report      : multiqc_report.html
[2020-08-20 20:37:49,486] multiqc                                            [INFO   ]  Data        : multiqc_data
[2020-08-20 20:37:49,486] multiqc                                            [DEBUG  ]  Moving data file from '/tmp/tmpbwetq8ty/multiqc_data' to '/scratch/bhargava/nextflow-test/work/f0/1cfb6bfc4b50d7b2e7ca23354ce459/multiqc_data'
[2020-08-20 20:37:49,579] multiqc                                            [INFO   ]  MultiQC complete
