Feb-17 14:13:10.236 [main] DEBUG nextflow.cli.Launcher - $> nextflow run main.nf
Feb-17 14:13:10.364 [main] INFO  nextflow.cli.CmdRun - N E X T F L O W  ~  version 20.10.0
Feb-17 14:13:10.376 [main] INFO  nextflow.cli.CmdRun - Launching `main.nf` [mighty_volta] - revision: 8575a064e9
Feb-17 14:13:10.399 [main] DEBUG nextflow.config.ConfigBuilder - Found config local: /scratch/bhargava/workflows/drnaseq-nf/nextflow.config
Feb-17 14:13:10.399 [main] DEBUG nextflow.config.ConfigBuilder - Parsing config file: /scratch/bhargava/workflows/drnaseq-nf/nextflow.config
Feb-17 14:13:10.420 [main] DEBUG nextflow.config.ConfigBuilder - Applying config profile: `standard`
Feb-17 14:13:11.026 [main] DEBUG nextflow.Session - Session uuid: 634ec868-f37b-4979-84a8-11a509ff26bb
Feb-17 14:13:11.027 [main] DEBUG nextflow.Session - Run name: mighty_volta
Feb-17 14:13:11.027 [main] DEBUG nextflow.Session - Executor pool size: 56
Feb-17 14:13:11.055 [main] DEBUG nextflow.cli.CmdRun - 
  Version: 20.10.0 build 5430
  Created: 01-11-2020 15:14 UTC (02-11-2020 04:14 NZDT)
  System: Linux 4.15.0-123-generic
  Runtime: Groovy 3.0.5 on OpenJDK 64-Bit Server VM 11.0.8-internal+0-adhoc..src
  Encoding: UTF-8 (UTF-8)
  Process: 23254@gru [127.0.1.1]
  CPUs: 56 - Mem: 188.8 GB (40 GB) - Swap: 61 GB (55.3 GB)
Feb-17 14:13:11.082 [main] DEBUG nextflow.Session - Work-dir: /scratch/bhargava/workflows/drnaseq-nf/work [ext2/ext3]
Feb-17 14:13:11.082 [main] DEBUG nextflow.Session - Script base path does not exist or is not a directory: /scratch/bhargava/workflows/drnaseq-nf/bin
Feb-17 14:13:11.148 [main] DEBUG nextflow.Session - Observer factory: TowerFactory
Feb-17 14:13:11.168 [main] DEBUG nextflow.Session - Observer factory: DefaultObserverFactory
Feb-17 14:13:11.426 [main] DEBUG nextflow.Session - Session start invoked
Feb-17 14:13:11.435 [main] DEBUG io.seqera.tower.plugin.TowerClient - Creating Tower observer -- endpoint=https://api.tower.nf; requestInterval=1s; aliveInterval=1m; maxRetries=5; backOffBase=3; backOffDelay=250
Feb-17 14:13:13.397 [main] DEBUG nextflow.script.ScriptRunner - > Launching execution
Feb-17 14:13:13.419 [main] INFO  nextflow.Nextflow - R N A S E Q - N F   P I P E L I N E
===================================
reference        : /data/bhargava/reference_files/K12/K12a.fa
reference_norrna : /data/bhargava/reference_files/K12/k12_norrna.fa
reference_rrna   : /data/bhargava/reference_files/K12/k12_rrna.fa
reads            : /scratch/bhargava/workflows/drnaseq-nf/data/*.fastq
outdir           : results

Feb-17 14:13:13.676 [main] DEBUG nextflow.Session - Workflow process names [dsl2]: flagstat, minimap2rrna, minimap2, depth, minimap2norrna, nanoplot, bamprocess, bamindex
Feb-17 14:13:13.737 [main] DEBUG nextflow.script.ProcessConfig - Config settings `withName:minimap2` matches process minimap2
Feb-17 14:13:13.745 [main] DEBUG nextflow.executor.ExecutorFactory - << taskConfig executor: null
Feb-17 14:13:13.745 [main] DEBUG nextflow.executor.ExecutorFactory - >> processorType: 'local'
Feb-17 14:13:13.749 [main] DEBUG nextflow.executor.Executor - [warm up] executor > local
Feb-17 14:13:13.754 [main] DEBUG n.processor.LocalPollingMonitor - Creating local task monitor for executor 'local' > cpus=56; memory=188.8 GB; capacity=56; pollInterval=100ms; dumpInterval=5m
Feb-17 14:13:13.867 [main] DEBUG nextflow.script.ProcessConfig - Config settings `withName:minimap2rrna` matches process minimap2rrna
Feb-17 14:13:13.868 [main] DEBUG nextflow.executor.ExecutorFactory - << taskConfig executor: null
Feb-17 14:13:13.868 [main] DEBUG nextflow.executor.ExecutorFactory - >> processorType: 'local'
Feb-17 14:13:13.874 [main] DEBUG nextflow.script.ProcessConfig - Config settings `withName:minimap2norrna` matches process minimap2norrna
Feb-17 14:13:13.876 [main] DEBUG nextflow.executor.ExecutorFactory - << taskConfig executor: null
Feb-17 14:13:13.876 [main] DEBUG nextflow.executor.ExecutorFactory - >> processorType: 'local'
Feb-17 14:13:13.880 [main] DEBUG nextflow.script.ProcessConfig - Config settings `withName:bamprocess` matches process bamprocess
Feb-17 14:13:13.881 [main] DEBUG nextflow.executor.ExecutorFactory - << taskConfig executor: null
Feb-17 14:13:13.881 [main] DEBUG nextflow.executor.ExecutorFactory - >> processorType: 'local'
Feb-17 14:13:13.884 [main] DEBUG nextflow.script.ProcessConfig - Config settings `withName:flagstat` matches process flagstat
Feb-17 14:13:13.884 [main] DEBUG nextflow.executor.ExecutorFactory - << taskConfig executor: null
Feb-17 14:13:13.884 [main] DEBUG nextflow.executor.ExecutorFactory - >> processorType: 'local'
Feb-17 14:13:13.888 [main] DEBUG nextflow.executor.ExecutorFactory - << taskConfig executor: null
Feb-17 14:13:13.888 [main] DEBUG nextflow.executor.ExecutorFactory - >> processorType: 'local'
Feb-17 14:13:13.892 [main] DEBUG nextflow.executor.ExecutorFactory - << taskConfig executor: null
Feb-17 14:13:13.892 [main] DEBUG nextflow.executor.ExecutorFactory - >> processorType: 'local'
Feb-17 14:13:13.898 [main] DEBUG nextflow.script.ProcessConfig - Config settings `withName:nanoplot` matches process nanoplot
Feb-17 14:13:13.899 [main] DEBUG nextflow.executor.ExecutorFactory - << taskConfig executor: null
Feb-17 14:13:13.899 [main] DEBUG nextflow.executor.ExecutorFactory - >> processorType: 'local'
Feb-17 14:13:14.340 [main] INFO  io.seqera.tower.plugin.TowerClient - Monitor the execution with Nextflow Tower using this url https://tower.nf/watch/1QArHZBp4wGxi8
Feb-17 14:13:14.344 [main] DEBUG nextflow.Session - Ignite dataflow network (11)
Feb-17 14:13:14.353 [main] DEBUG nextflow.processor.TaskProcessor - Starting process > minimap2
Feb-17 14:13:14.355 [main] DEBUG nextflow.processor.TaskProcessor - Starting process > minimap2rrna
Feb-17 14:13:14.356 [main] DEBUG nextflow.processor.TaskProcessor - Starting process > minimap2norrna
Feb-17 14:13:14.357 [main] DEBUG nextflow.processor.TaskProcessor - Starting process > bamprocess
Feb-17 14:13:14.358 [main] DEBUG nextflow.processor.TaskProcessor - Starting process > flagstat
Feb-17 14:13:14.357 [PathVisitor-2] DEBUG nextflow.file.PathVisitor - files for syntax: glob; folder: /scratch/bhargava/workflows/drnaseq-nf/data/; pattern: *.fastq; options: [checkIfExists:true]
Feb-17 14:13:14.357 [PathVisitor-1] DEBUG nextflow.file.PathVisitor - files for syntax: glob; folder: /scratch/bhargava/workflows/drnaseq-nf/data/; pattern: *.fastq; options: [checkIfExists:true]
Feb-17 14:13:14.359 [PathVisitor-3] DEBUG nextflow.file.PathVisitor - files for syntax: glob; folder: /scratch/bhargava/workflows/drnaseq-nf/results/sams/; pattern: *.sam; options: [checkIfExists:true]
Feb-17 14:13:14.359 [main] DEBUG nextflow.processor.TaskProcessor - Starting process > depth
Feb-17 14:13:14.361 [main] DEBUG nextflow.processor.TaskProcessor - Starting process > bamindex
Feb-17 14:13:14.362 [main] DEBUG nextflow.processor.TaskProcessor - Starting process > nanoplot
Feb-17 14:13:14.364 [main] DEBUG nextflow.script.ScriptRunner - > Await termination 
Feb-17 14:13:14.364 [main] DEBUG nextflow.Session - Session await
Feb-17 14:13:14.369 [PathVisitor-3] DEBUG nextflow.file.PathVisitor - No such file: /scratch/bhargava/workflows/drnaseq-nf/results/sams/ -- Skipping visit
Feb-17 14:13:14.379 [PathVisitor-3] ERROR nextflow.Channel - No files match pattern `*.sam` at path: /scratch/bhargava/workflows/drnaseq-nf/results/sams/
java.lang.IllegalArgumentException: No files match pattern `*.sam` at path: /scratch/bhargava/workflows/drnaseq-nf/results/sams/
	at nextflow.file.PathVisitor.pathImpl(PathVisitor.groovy:173)
	at nextflow.file.PathVisitor.applyGlobPattern0(PathVisitor.groovy:131)
	at nextflow.file.PathVisitor.apply(PathVisitor.groovy:69)
	at nextflow.file.PathVisitor$_applyAsync_closure1.doCall(PathVisitor.groovy:78)
	at nextflow.file.PathVisitor$_applyAsync_closure1.call(PathVisitor.groovy)
	at groovy.lang.Closure.run(Closure.java:493)
	at java.base/java.util.concurrent.CompletableFuture$UniRun.tryFire(CompletableFuture.java:783)
	at java.base/java.util.concurrent.CompletableFuture$Completion.run(CompletableFuture.java:478)
	at java.base/java.util.concurrent.ThreadPoolExecutor.runWorker(ThreadPoolExecutor.java:1128)
	at java.base/java.util.concurrent.ThreadPoolExecutor$Worker.run(ThreadPoolExecutor.java:628)
	at java.base/java.lang.Thread.run(Thread.java:834)
Feb-17 14:13:14.394 [PathVisitor-3] DEBUG nextflow.Session - Session aborted -- Cause: No files match pattern `*.sam` at path: /scratch/bhargava/workflows/drnaseq-nf/results/sams/
Feb-17 14:13:14.453 [PathVisitor-3] DEBUG nextflow.Session - The following nodes are still active:
[process] minimap2
  status=ACTIVE
  port 0: (value) bound ; channel: reference
  port 1: (queue) closed; channel: reads
  port 2: (cntrl) -     ; channel: $

[process] minimap2rrna
  status=ACTIVE
  port 0: (value) bound ; channel: reference_rrna
  port 1: (queue) closed; channel: reads
  port 2: (cntrl) -     ; channel: $

[process] minimap2norrna
  status=ACTIVE
  port 0: (value) bound ; channel: reference_norrna
  port 1: (queue) closed; channel: reads
  port 2: (cntrl) -     ; channel: $

[process] bamprocess
  status=ACTIVE
  port 0: (queue) OPEN  ; channel: sams
  port 1: (cntrl) -     ; channel: $

[process] flagstat
  status=ACTIVE
  port 0: (queue) OPEN  ; channel: bams
  port 1: (cntrl) -     ; channel: $

[process] depth
  status=ACTIVE
  port 0: (queue) OPEN  ; channel: bams
  port 1: (cntrl) -     ; channel: $

[process] bamindex
  status=ACTIVE
  port 0: (queue) OPEN  ; channel: bams
  port 1: (cntrl) -     ; channel: $

[process] nanoplot
  status=ACTIVE
  port 0: (queue) OPEN  ; channel: bams
  port 1: (cntrl) -     ; channel: $

Feb-17 14:13:14.458 [main] DEBUG nextflow.Session - Session await > all process finished
Feb-17 14:13:14.459 [main] DEBUG nextflow.Session - Session await > all barriers passed
Feb-17 14:13:14.467 [main] INFO  nextflow.Nextflow - Oops .. something went wrong
Feb-17 14:13:14.474 [main] DEBUG nextflow.trace.WorkflowStatsObserver - Workflow completed > WorkflowStats[succeededCount=0; failedCount=0; ignoredCount=0; cachedCount=0; pendingCount=0; submittedCount=0; runningCount=0; retriesCount=0; abortedCount=0; succeedDuration=0ms; failedDuration=0ms; cachedDuration=0ms;loadCpus=0; loadMemory=0; peakRunning=0; peakCpus=0; peakMemory=0; ]
Feb-17 14:13:14.846 [main] DEBUG nextflow.CacheDB - Closing CacheDB done
Feb-17 14:13:14.851 [main] DEBUG nextflow.util.SpuriousDeps - AWS S3 uploader shutdown
Feb-17 14:13:14.866 [main] DEBUG nextflow.script.ScriptRunner - > Execution complete -- Goodbye
