[2021-01-23 16:42:15,394] multiqc                                            [DEBUG  ]  No MultiQC config found: /usr/local/lib/python3.8/site-packages/multiqc_config.yaml
[2021-01-23 16:42:15,395] multiqc                                            [DEBUG  ]  No MultiQC config found: /home/bhargavam/.multiqc_config.yaml
[2021-01-23 16:42:15,395] multiqc                                            [DEBUG  ]  No MultiQC config found: multiqc_config.yaml
[2021-01-23 16:42:15,395] multiqc                                            [DEBUG  ]  Command used: /usr/local/bin/multiqc .
[2021-01-23 16:42:18,742] multiqc                                            [DEBUG  ]  Latest MultiQC version is v1.9
[2021-01-23 16:42:18,742] multiqc                                            [INFO   ]  This is MultiQC v1.9
[2021-01-23 16:42:18,742] multiqc                                            [DEBUG  ]  Command     : /usr/local/bin/multiqc .
[2021-01-23 16:42:18,742] multiqc                                            [DEBUG  ]  Working dir : /scratch/bhargava/nextflow-test/work/9c/3e5e80ad0effc693682c6ae9219542
[2021-01-23 16:42:18,742] multiqc                                            [INFO   ]  Template    : default
[2021-01-23 16:42:18,742] multiqc                                            [DEBUG  ]  Running Python 3.8.5 | packaged by conda-forge | (default, Jul 24 2020, 01:25:15)  [GCC 7.5.0]
[2021-01-23 16:42:18,743] multiqc                                            [INFO   ]  Searching   : /scratch/bhargava/nextflow-test/work/9c/3e5e80ad0effc693682c6ae9219542
[2021-01-23 16:42:18,743] multiqc                                            [DEBUG  ]  Analysing modules: custom_content, conpair, peddy, somalier, methylQA, mosdepth, phantompeakqualtools, qualimap, preseq, quast, qorts, rna_seqc, rockhopper, rsem, rseqc, busco, goleft_indexcov, disambiguate, supernova, deeptools, sargasso, verifybamid, mirtrace, happy, mirtop, homer, macs2, theta2, snpeff, gatk, htseq, bcftools, featureCounts, fgbio, dragen, dedup, damageprofiler, biobambam2, mtnucratio, picard, prokka, samblaster, samtools, sexdeterrmine, bamtools, jellyfish, vcftools, longranger, stacks, varscan2, bbmap, bismark, biscuit, hicexplorer, hicup, hicpro, salmon, kallisto, slamdunk, star, hisat2, tophat, bowtie2, bowtie1, snpsplit, kat, leehom, adapterRemoval, clipandmerge, cutadapt, flexbar, kaiju, kraken, malt, trimmomatic, sickle, skewer, sortmerna, biobloomtools, fastq_screen, afterqc, fastp, fastqc, pycoqc, minionqc, multivcfanalyzer, clusterflow, bcl2fastq, interop, ivar, flash, seqyclean
[2021-01-23 16:42:18,743] multiqc                                            [DEBUG  ]  Using temporary directory for creating report: /tmp/tmp8sqj_x05
[2021-01-23 16:42:18,876] multiqc                                            [DEBUG  ]  File ignored by hicexplorer because it exceeded search pattern filesize limit: .command.run
[2021-01-23 16:42:18,877] multiqc                                            [DEBUG  ]  File ignored by longranger/invocation because it exceeded search pattern filesize limit: .command.run
[2021-01-23 16:42:18,903] multiqc                                            [DEBUG  ]  File ignored by hicexplorer because it exceeded search pattern filesize limit: sample3_nf_fastqc.html
[2021-01-23 16:42:18,905] multiqc                                            [DEBUG  ]  File ignored by longranger/invocation because it exceeded search pattern filesize limit: sample3_nf_fastqc.html
[2021-01-23 16:42:18,938] multiqc                                            [DEBUG  ]  File ignored by hicexplorer because it exceeded search pattern filesize limit: sub3_fastqc.html
[2021-01-23 16:42:18,939] multiqc                                            [DEBUG  ]  File ignored by longranger/invocation because it exceeded search pattern filesize limit: sub3_fastqc.html
[2021-01-23 16:42:18,971] multiqc                                            [DEBUG  ]  File ignored by hicexplorer because it exceeded search pattern filesize limit: sub1_fastqc.html
[2021-01-23 16:42:18,973] multiqc                                            [DEBUG  ]  File ignored by longranger/invocation because it exceeded search pattern filesize limit: sub1_fastqc.html
[2021-01-23 16:42:19,001] multiqc                                            [DEBUG  ]  File ignored by hicexplorer because it exceeded search pattern filesize limit: sample1_nf_fastqc.html
[2021-01-23 16:42:19,003] multiqc                                            [DEBUG  ]  File ignored by longranger/invocation because it exceeded search pattern filesize limit: sample1_nf_fastqc.html
[2021-01-23 16:42:19,030] multiqc                                            [DEBUG  ]  File ignored by hicexplorer because it exceeded search pattern filesize limit: sub2_fastqc.html
[2021-01-23 16:42:19,031] multiqc                                            [DEBUG  ]  File ignored by longranger/invocation because it exceeded search pattern filesize limit: sub2_fastqc.html
[2021-01-23 16:42:19,057] multiqc                                            [DEBUG  ]  File ignored by hicexplorer because it exceeded search pattern filesize limit: sample2_nf_fastqc.html
[2021-01-23 16:42:19,058] multiqc                                            [DEBUG  ]  File ignored by longranger/invocation because it exceeded search pattern filesize limit: sample2_nf_fastqc.html
[2021-01-23 16:42:19,517] multiqc.plots.bargraph                             [DEBUG  ]  Using matplotlib version 3.3.0
[2021-01-23 16:42:19,518] multiqc.plots.linegraph                            [DEBUG  ]  Using matplotlib version 3.3.0
[2021-01-23 16:42:19,519] multiqc                                            [DEBUG  ]  No samples found: custom_content
[2021-01-23 16:42:19,542] multiqc                                            [DEBUG  ]  No samples found: conpair
[2021-01-23 16:42:19,546] multiqc                                            [DEBUG  ]  No samples found: peddy
[2021-01-23 16:42:19,550] multiqc                                            [DEBUG  ]  No samples found: somalier
[2021-01-23 16:42:19,553] multiqc                                            [DEBUG  ]  No samples found: methylQA
[2021-01-23 16:42:19,558] multiqc                                            [DEBUG  ]  No samples found: mosdepth
[2021-01-23 16:42:19,561] multiqc                                            [DEBUG  ]  No samples found: phantompeakqualtools
[2021-01-23 16:42:19,564] multiqc                                            [DEBUG  ]  No samples found: qualimap
[2021-01-23 16:42:19,568] multiqc                                            [DEBUG  ]  No samples found: preseq
[2021-01-23 16:42:19,571] multiqc                                            [DEBUG  ]  No samples found: quast
[2021-01-23 16:42:19,573] multiqc                                            [DEBUG  ]  No samples found: qorts
[2021-01-23 16:42:19,576] multiqc                                            [DEBUG  ]  No samples found: rna_seqc
[2021-01-23 16:42:19,579] multiqc                                            [DEBUG  ]  No samples found: rockhopper
[2021-01-23 16:42:19,582] multiqc                                            [DEBUG  ]  No samples found: rsem
[2021-01-23 16:42:19,588] multiqc                                            [DEBUG  ]  No samples found: rseqc
[2021-01-23 16:42:19,591] multiqc                                            [DEBUG  ]  No samples found: busco
[2021-01-23 16:42:19,595] multiqc                                            [DEBUG  ]  No samples found: goleft_indexcov
[2021-01-23 16:42:19,599] multiqc                                            [DEBUG  ]  No samples found: disambiguate
[2021-01-23 16:42:19,607] multiqc                                            [DEBUG  ]  No samples found: supernova
[2021-01-23 16:42:19,614] multiqc                                            [DEBUG  ]  No samples found: deeptools
[2021-01-23 16:42:19,618] multiqc                                            [DEBUG  ]  No samples found: sargasso
[2021-01-23 16:42:19,622] multiqc                                            [DEBUG  ]  No samples found: verifybamid
[2021-01-23 16:42:19,625] multiqc                                            [DEBUG  ]  No samples found: mirtrace
[2021-01-23 16:42:19,629] multiqc                                            [DEBUG  ]  No samples found: happy
[2021-01-23 16:42:19,631] multiqc                                            [DEBUG  ]  No samples found: mirtop
[2021-01-23 16:42:19,636] multiqc                                            [DEBUG  ]  No samples found: homer
[2021-01-23 16:42:19,638] multiqc                                            [DEBUG  ]  No samples found: macs2
[2021-01-23 16:42:19,641] multiqc                                            [DEBUG  ]  No samples found: theta2
[2021-01-23 16:42:19,645] multiqc                                            [DEBUG  ]  No samples found: snpeff
[2021-01-23 16:42:19,649] multiqc                                            [DEBUG  ]  No samples found: gatk
[2021-01-23 16:42:19,653] multiqc                                            [DEBUG  ]  No samples found: htseq
[2021-01-23 16:42:19,656] multiqc                                            [DEBUG  ]  No samples found: bcftools
[2021-01-23 16:42:19,660] multiqc                                            [DEBUG  ]  No samples found: featureCounts
[2021-01-23 16:42:19,664] multiqc                                            [DEBUG  ]  No samples found: fgbio
[2021-01-23 16:42:19,670] multiqc                                            [DEBUG  ]  No samples found: dragen
[2021-01-23 16:42:19,673] multiqc                                            [DEBUG  ]  No samples found: dedup
[2021-01-23 16:42:19,676] multiqc                                            [DEBUG  ]  No samples found: damageprofiler
[2021-01-23 16:42:19,686] multiqc                                            [DEBUG  ]  No samples found: biobambam2
[2021-01-23 16:42:19,690] multiqc                                            [DEBUG  ]  No samples found: mtnucratio
[2021-01-23 16:42:19,693] multiqc                                            [DEBUG  ]  No samples found: picard
[2021-01-23 16:42:19,695] multiqc                                            [DEBUG  ]  No samples found: prokka
[2021-01-23 16:42:19,699] multiqc                                            [DEBUG  ]  No samples found: samblaster
[2021-01-23 16:42:19,702] multiqc                                            [DEBUG  ]  No samples found: samtools
[2021-01-23 16:42:19,706] multiqc                                            [DEBUG  ]  No samples found: sexdeterrmine
[2021-01-23 16:42:19,710] multiqc                                            [DEBUG  ]  No samples found: bamtools
[2021-01-23 16:42:19,714] multiqc                                            [DEBUG  ]  No samples found: jellyfish
[2021-01-23 16:42:19,718] multiqc                                            [DEBUG  ]  No samples found: vcftools
[2021-01-23 16:42:19,720] multiqc                                            [DEBUG  ]  No samples found: longranger
[2021-01-23 16:42:19,724] multiqc                                            [DEBUG  ]  No samples found: stacks
[2021-01-23 16:42:19,727] multiqc                                            [DEBUG  ]  No samples found: varscan2
[2021-01-23 16:42:19,733] multiqc                                            [DEBUG  ]  No samples found: bbmap
[2021-01-23 16:42:19,736] multiqc                                            [DEBUG  ]  No samples found: bismark
[2021-01-23 16:42:19,739] multiqc                                            [DEBUG  ]  No samples found: biscuit
[2021-01-23 16:42:19,743] multiqc                                            [DEBUG  ]  No samples found: hicexplorer
[2021-01-23 16:42:19,746] multiqc                                            [DEBUG  ]  No samples found: hicup
[2021-01-23 16:42:19,749] multiqc                                            [DEBUG  ]  No samples found: hicpro
[2021-01-23 16:42:19,752] multiqc                                            [DEBUG  ]  No samples found: salmon
[2021-01-23 16:42:19,754] multiqc                                            [DEBUG  ]  No samples found: kallisto
[2021-01-23 16:42:19,759] multiqc                                            [DEBUG  ]  No samples found: slamdunk
[2021-01-23 16:42:19,762] multiqc                                            [DEBUG  ]  No samples found: star
[2021-01-23 16:42:19,765] multiqc                                            [DEBUG  ]  No samples found: hisat2
[2021-01-23 16:42:19,768] multiqc                                            [DEBUG  ]  No samples found: tophat
[2021-01-23 16:42:19,771] multiqc                                            [DEBUG  ]  No samples found: bowtie2
[2021-01-23 16:42:19,773] multiqc                                            [DEBUG  ]  No samples found: bowtie1
[2021-01-23 16:42:19,776] multiqc                                            [DEBUG  ]  No samples found: snpsplit
[2021-01-23 16:42:19,779] multiqc                                            [DEBUG  ]  No samples found: kat
[2021-01-23 16:42:19,781] multiqc                                            [DEBUG  ]  No samples found: leehom
[2021-01-23 16:42:19,784] multiqc                                            [DEBUG  ]  No samples found: adapterRemoval
[2021-01-23 16:42:19,787] multiqc                                            [DEBUG  ]  No samples found: clipandmerge
[2021-01-23 16:42:19,790] multiqc                                            [DEBUG  ]  No samples found: cutadapt
[2021-01-23 16:42:19,793] multiqc                                            [DEBUG  ]  No samples found: flexbar
[2021-01-23 16:42:19,796] multiqc                                            [DEBUG  ]  No samples found: kaiju
[2021-01-23 16:42:19,798] multiqc                                            [DEBUG  ]  No samples found: kraken
[2021-01-23 16:42:19,801] multiqc                                            [DEBUG  ]  No samples found: malt
[2021-01-23 16:42:19,804] multiqc                                            [DEBUG  ]  No samples found: trimmomatic
[2021-01-23 16:42:19,807] multiqc                                            [DEBUG  ]  No samples found: sickle
[2021-01-23 16:42:19,809] multiqc                                            [DEBUG  ]  No samples found: skewer
[2021-01-23 16:42:19,812] multiqc                                            [DEBUG  ]  No samples found: sortmerna
[2021-01-23 16:42:19,815] multiqc                                            [DEBUG  ]  No samples found: biobloomtools
[2021-01-23 16:42:19,818] multiqc                                            [DEBUG  ]  No samples found: fastq_screen
[2021-01-23 16:42:19,821] multiqc                                            [DEBUG  ]  No samples found: afterqc
[2021-01-23 16:42:19,824] multiqc                                            [DEBUG  ]  No samples found: fastp
[2021-01-23 16:42:19,840] multiqc.modules.fastqc.fastqc                      [INFO   ]  Found 6 reports
[2021-01-23 16:42:19,943] multiqc                                            [DEBUG  ]  No samples found: pycoqc
[2021-01-23 16:42:19,945] multiqc                                            [DEBUG  ]  No samples found: minionqc
[2021-01-23 16:42:19,948] multiqc                                            [DEBUG  ]  No samples found: multivcfanalyzer
[2021-01-23 16:42:19,951] multiqc                                            [DEBUG  ]  No samples found: clusterflow
[2021-01-23 16:42:19,955] multiqc                                            [DEBUG  ]  No samples found: bcl2fastq
[2021-01-23 16:42:19,958] multiqc                                            [DEBUG  ]  No samples found: interop
[2021-01-23 16:42:19,960] multiqc                                            [DEBUG  ]  No samples found: ivar
[2021-01-23 16:42:19,963] multiqc                                            [DEBUG  ]  No samples found: flash
[2021-01-23 16:42:19,966] multiqc                                            [DEBUG  ]  No samples found: seqyclean
[2021-01-23 16:42:19,975] multiqc                                            [INFO   ]  Compressing plot data
[2021-01-23 16:42:20,045] multiqc                                            [INFO   ]  Report      : multiqc_report.html
[2021-01-23 16:42:20,045] multiqc                                            [INFO   ]  Data        : multiqc_data
[2021-01-23 16:42:20,045] multiqc                                            [DEBUG  ]  Moving data file from '/tmp/tmp8sqj_x05/multiqc_data' to '/scratch/bhargava/nextflow-test/work/9c/3e5e80ad0effc693682c6ae9219542/multiqc_data'
[2021-01-23 16:42:20,158] multiqc                                            [INFO   ]  MultiQC complete
