[2020-08-20 20:17:50,152] multiqc                                            [DEBUG  ]  No MultiQC config found: /usr/local/lib/python3.8/site-packages/multiqc_config.yaml
[2020-08-20 20:17:50,152] multiqc                                            [DEBUG  ]  No MultiQC config found: /home/bhargavam/.multiqc_config.yaml
[2020-08-20 20:17:50,152] multiqc                                            [DEBUG  ]  No MultiQC config found: multiqc_config.yaml
[2020-08-20 20:17:50,152] multiqc                                            [DEBUG  ]  Command used: /usr/local/bin/multiqc .
[2020-08-20 20:17:53,888] multiqc                                            [DEBUG  ]  Latest MultiQC version is v1.9
[2020-08-20 20:17:53,888] multiqc                                            [INFO   ]  This is MultiQC v1.9
[2020-08-20 20:17:53,889] multiqc                                            [DEBUG  ]  Command     : /usr/local/bin/multiqc .
[2020-08-20 20:17:53,889] multiqc                                            [DEBUG  ]  Working dir : /scratch/bhargava/nextflow-test/work/4e/2399d1eaf9635617f8b6db6dfd1ce8
[2020-08-20 20:17:53,889] multiqc                                            [INFO   ]  Template    : default
[2020-08-20 20:17:53,889] multiqc                                            [DEBUG  ]  Running Python 3.8.5 (default, Aug  4 2020, 16:24:08)  [GCC 8.3.0]
[2020-08-20 20:17:53,889] multiqc                                            [INFO   ]  Searching   : /scratch/bhargava/nextflow-test/work/4e/2399d1eaf9635617f8b6db6dfd1ce8
[2020-08-20 20:17:53,890] multiqc                                            [DEBUG  ]  Analysing modules: custom_content, conpair, peddy, somalier, methylQA, mosdepth, phantompeakqualtools, qualimap, preseq, quast, qorts, rna_seqc, rockhopper, rsem, rseqc, busco, goleft_indexcov, disambiguate, supernova, deeptools, sargasso, verifybamid, mirtrace, happy, mirtop, homer, macs2, theta2, snpeff, gatk, htseq, bcftools, featureCounts, fgbio, dragen, dedup, damageprofiler, biobambam2, mtnucratio, picard, prokka, samblaster, samtools, sexdeterrmine, bamtools, jellyfish, vcftools, longranger, stacks, varscan2, bbmap, bismark, biscuit, hicexplorer, hicup, hicpro, salmon, kallisto, slamdunk, star, hisat2, tophat, bowtie2, bowtie1, snpsplit, kat, leehom, adapterRemoval, clipandmerge, cutadapt, flexbar, kaiju, kraken, malt, trimmomatic, sickle, skewer, sortmerna, biobloomtools, fastq_screen, afterqc, fastp, fastqc, pycoqc, minionqc, multivcfanalyzer, clusterflow, bcl2fastq, interop, ivar, flash, seqyclean
[2020-08-20 20:17:53,890] multiqc                                            [DEBUG  ]  Using temporary directory for creating report: /tmp/tmpzfcq7_ka
[2020-08-20 20:17:54,038] multiqc                                            [DEBUG  ]  File ignored by longranger/invocation because it exceeded search pattern filesize limit: .command.run
[2020-08-20 20:17:54,062] multiqc                                            [DEBUG  ]  File ignored by hicexplorer because it exceeded search pattern filesize limit: sample3_nf_fastqc.html
[2020-08-20 20:17:54,064] multiqc                                            [DEBUG  ]  File ignored by longranger/invocation because it exceeded search pattern filesize limit: sample3_nf_fastqc.html
[2020-08-20 20:17:54,098] multiqc                                            [DEBUG  ]  File ignored by hicexplorer because it exceeded search pattern filesize limit: sample1_nf_fastqc.html
[2020-08-20 20:17:54,100] multiqc                                            [DEBUG  ]  File ignored by longranger/invocation because it exceeded search pattern filesize limit: sample1_nf_fastqc.html
[2020-08-20 20:17:54,131] multiqc                                            [DEBUG  ]  File ignored by hicexplorer because it exceeded search pattern filesize limit: sample2_nf_fastqc.html
[2020-08-20 20:17:54,132] multiqc                                            [DEBUG  ]  File ignored by longranger/invocation because it exceeded search pattern filesize limit: sample2_nf_fastqc.html
[2020-08-20 20:17:54,571] multiqc.plots.bargraph                             [DEBUG  ]  Using matplotlib version 3.3.0
[2020-08-20 20:17:54,572] multiqc.plots.linegraph                            [DEBUG  ]  Using matplotlib version 3.3.0
[2020-08-20 20:17:54,573] multiqc                                            [DEBUG  ]  No samples found: custom_content
[2020-08-20 20:17:54,592] multiqc                                            [DEBUG  ]  No samples found: conpair
[2020-08-20 20:17:54,595] multiqc                                            [DEBUG  ]  No samples found: peddy
[2020-08-20 20:17:54,598] multiqc                                            [DEBUG  ]  No samples found: somalier
[2020-08-20 20:17:54,602] multiqc                                            [DEBUG  ]  No samples found: methylQA
[2020-08-20 20:17:54,607] multiqc                                            [DEBUG  ]  No samples found: mosdepth
[2020-08-20 20:17:54,610] multiqc                                            [DEBUG  ]  No samples found: phantompeakqualtools
[2020-08-20 20:17:54,612] multiqc                                            [DEBUG  ]  No samples found: qualimap
[2020-08-20 20:17:54,616] multiqc                                            [DEBUG  ]  No samples found: preseq
[2020-08-20 20:17:54,619] multiqc                                            [DEBUG  ]  No samples found: quast
[2020-08-20 20:17:54,622] multiqc                                            [DEBUG  ]  No samples found: qorts
[2020-08-20 20:17:54,624] multiqc                                            [DEBUG  ]  No samples found: rna_seqc
[2020-08-20 20:17:54,627] multiqc                                            [DEBUG  ]  No samples found: rockhopper
[2020-08-20 20:17:54,630] multiqc                                            [DEBUG  ]  No samples found: rsem
[2020-08-20 20:17:54,635] multiqc                                            [DEBUG  ]  No samples found: rseqc
[2020-08-20 20:17:54,638] multiqc                                            [DEBUG  ]  No samples found: busco
[2020-08-20 20:17:54,641] multiqc                                            [DEBUG  ]  No samples found: goleft_indexcov
[2020-08-20 20:17:54,644] multiqc                                            [DEBUG  ]  No samples found: disambiguate
[2020-08-20 20:17:54,648] multiqc                                            [DEBUG  ]  No samples found: supernova
[2020-08-20 20:17:54,653] multiqc                                            [DEBUG  ]  No samples found: deeptools
[2020-08-20 20:17:54,656] multiqc                                            [DEBUG  ]  No samples found: sargasso
[2020-08-20 20:17:54,659] multiqc                                            [DEBUG  ]  No samples found: verifybamid
[2020-08-20 20:17:54,663] multiqc                                            [DEBUG  ]  No samples found: mirtrace
[2020-08-20 20:17:54,666] multiqc                                            [DEBUG  ]  No samples found: happy
[2020-08-20 20:17:54,668] multiqc                                            [DEBUG  ]  No samples found: mirtop
[2020-08-20 20:17:54,672] multiqc                                            [DEBUG  ]  No samples found: homer
[2020-08-20 20:17:54,675] multiqc                                            [DEBUG  ]  No samples found: macs2
[2020-08-20 20:17:54,678] multiqc                                            [DEBUG  ]  No samples found: theta2
[2020-08-20 20:17:54,681] multiqc                                            [DEBUG  ]  No samples found: snpeff
[2020-08-20 20:17:54,686] multiqc                                            [DEBUG  ]  No samples found: gatk
[2020-08-20 20:17:54,689] multiqc                                            [DEBUG  ]  No samples found: htseq
[2020-08-20 20:17:54,693] multiqc                                            [DEBUG  ]  No samples found: bcftools
[2020-08-20 20:17:54,696] multiqc                                            [DEBUG  ]  No samples found: featureCounts
[2020-08-20 20:17:54,699] multiqc                                            [DEBUG  ]  No samples found: fgbio
[2020-08-20 20:17:54,705] multiqc                                            [DEBUG  ]  No samples found: dragen
[2020-08-20 20:17:54,708] multiqc                                            [DEBUG  ]  No samples found: dedup
[2020-08-20 20:17:54,711] multiqc                                            [DEBUG  ]  No samples found: damageprofiler
[2020-08-20 20:17:54,720] multiqc                                            [DEBUG  ]  No samples found: biobambam2
[2020-08-20 20:17:54,723] multiqc                                            [DEBUG  ]  No samples found: mtnucratio
[2020-08-20 20:17:54,725] multiqc                                            [DEBUG  ]  No samples found: picard
[2020-08-20 20:17:54,728] multiqc                                            [DEBUG  ]  No samples found: prokka
[2020-08-20 20:17:54,731] multiqc                                            [DEBUG  ]  No samples found: samblaster
[2020-08-20 20:17:54,735] multiqc                                            [DEBUG  ]  No samples found: samtools
[2020-08-20 20:17:54,738] multiqc                                            [DEBUG  ]  No samples found: sexdeterrmine
[2020-08-20 20:17:54,742] multiqc                                            [DEBUG  ]  No samples found: bamtools
[2020-08-20 20:17:54,746] multiqc                                            [DEBUG  ]  No samples found: jellyfish
[2020-08-20 20:17:54,750] multiqc                                            [DEBUG  ]  No samples found: vcftools
[2020-08-20 20:17:54,753] multiqc                                            [DEBUG  ]  No samples found: longranger
[2020-08-20 20:17:54,756] multiqc                                            [DEBUG  ]  No samples found: stacks
[2020-08-20 20:17:54,759] multiqc                                            [DEBUG  ]  No samples found: varscan2
[2020-08-20 20:17:54,765] multiqc                                            [DEBUG  ]  No samples found: bbmap
[2020-08-20 20:17:54,768] multiqc                                            [DEBUG  ]  No samples found: bismark
[2020-08-20 20:17:54,772] multiqc                                            [DEBUG  ]  No samples found: biscuit
[2020-08-20 20:17:54,776] multiqc                                            [DEBUG  ]  No samples found: hicexplorer
[2020-08-20 20:17:54,779] multiqc                                            [DEBUG  ]  No samples found: hicup
[2020-08-20 20:17:54,781] multiqc                                            [DEBUG  ]  No samples found: hicpro
[2020-08-20 20:17:54,784] multiqc                                            [DEBUG  ]  No samples found: salmon
[2020-08-20 20:17:54,787] multiqc                                            [DEBUG  ]  No samples found: kallisto
[2020-08-20 20:17:54,791] multiqc                                            [DEBUG  ]  No samples found: slamdunk
[2020-08-20 20:17:54,794] multiqc                                            [DEBUG  ]  No samples found: star
[2020-08-20 20:17:54,797] multiqc                                            [DEBUG  ]  No samples found: hisat2
[2020-08-20 20:17:54,800] multiqc                                            [DEBUG  ]  No samples found: tophat
[2020-08-20 20:17:54,803] multiqc                                            [DEBUG  ]  No samples found: bowtie2
[2020-08-20 20:17:54,806] multiqc                                            [DEBUG  ]  No samples found: bowtie1
[2020-08-20 20:17:54,809] multiqc                                            [DEBUG  ]  No samples found: snpsplit
[2020-08-20 20:17:54,812] multiqc                                            [DEBUG  ]  No samples found: kat
[2020-08-20 20:17:54,815] multiqc                                            [DEBUG  ]  No samples found: leehom
[2020-08-20 20:17:54,818] multiqc                                            [DEBUG  ]  No samples found: adapterRemoval
[2020-08-20 20:17:54,821] multiqc                                            [DEBUG  ]  No samples found: clipandmerge
[2020-08-20 20:17:54,824] multiqc                                            [DEBUG  ]  No samples found: cutadapt
[2020-08-20 20:17:54,827] multiqc                                            [DEBUG  ]  No samples found: flexbar
[2020-08-20 20:17:54,832] multiqc                                            [DEBUG  ]  No samples found: kaiju
[2020-08-20 20:17:54,835] multiqc                                            [DEBUG  ]  No samples found: kraken
[2020-08-20 20:17:54,838] multiqc                                            [DEBUG  ]  No samples found: malt
[2020-08-20 20:17:54,841] multiqc                                            [DEBUG  ]  No samples found: trimmomatic
[2020-08-20 20:17:54,844] multiqc                                            [DEBUG  ]  No samples found: sickle
[2020-08-20 20:17:54,846] multiqc                                            [DEBUG  ]  No samples found: skewer
[2020-08-20 20:17:54,849] multiqc                                            [DEBUG  ]  No samples found: sortmerna
[2020-08-20 20:17:54,852] multiqc                                            [DEBUG  ]  No samples found: biobloomtools
[2020-08-20 20:17:54,856] multiqc                                            [DEBUG  ]  No samples found: fastq_screen
[2020-08-20 20:17:54,859] multiqc                                            [DEBUG  ]  No samples found: afterqc
[2020-08-20 20:17:54,861] multiqc                                            [DEBUG  ]  No samples found: fastp
[2020-08-20 20:17:54,870] multiqc.modules.fastqc.fastqc                      [INFO   ]  Found 3 reports
[2020-08-20 20:17:54,926] multiqc                                            [DEBUG  ]  No samples found: pycoqc
[2020-08-20 20:17:54,929] multiqc                                            [DEBUG  ]  No samples found: minionqc
[2020-08-20 20:17:54,932] multiqc                                            [DEBUG  ]  No samples found: multivcfanalyzer
[2020-08-20 20:17:54,935] multiqc                                            [DEBUG  ]  No samples found: clusterflow
[2020-08-20 20:17:54,939] multiqc                                            [DEBUG  ]  No samples found: bcl2fastq
[2020-08-20 20:17:54,942] multiqc                                            [DEBUG  ]  No samples found: interop
[2020-08-20 20:17:54,945] multiqc                                            [DEBUG  ]  No samples found: ivar
[2020-08-20 20:17:54,948] multiqc                                            [DEBUG  ]  No samples found: flash
[2020-08-20 20:17:54,951] multiqc                                            [DEBUG  ]  No samples found: seqyclean
[2020-08-20 20:17:54,955] multiqc                                            [INFO   ]  Compressing plot data
[2020-08-20 20:17:54,992] multiqc                                            [INFO   ]  Report      : multiqc_report.html
[2020-08-20 20:17:54,992] multiqc                                            [INFO   ]  Data        : multiqc_data
[2020-08-20 20:17:54,992] multiqc                                            [DEBUG  ]  Moving data file from '/tmp/tmpzfcq7_ka/multiqc_data' to '/scratch/bhargava/nextflow-test/work/4e/2399d1eaf9635617f8b6db6dfd1ce8/multiqc_data'
[2020-08-20 20:17:55,083] multiqc                                            [INFO   ]  MultiQC complete
