[2021-01-23 22:24:28,261] multiqc                                            [DEBUG  ]  No MultiQC config found: /usr/local/lib/python3.8/site-packages/multiqc_config.yaml
[2021-01-23 22:24:28,261] multiqc                                            [DEBUG  ]  No MultiQC config found: /home/bhargavam/.multiqc_config.yaml
[2021-01-23 22:24:28,261] multiqc                                            [DEBUG  ]  No MultiQC config found: multiqc_config.yaml
[2021-01-23 22:24:28,261] multiqc                                            [DEBUG  ]  Command used: /usr/local/bin/multiqc .
[2021-01-23 22:24:31,443] multiqc                                            [DEBUG  ]  Latest MultiQC version is v1.9
[2021-01-23 22:24:31,444] multiqc                                            [INFO   ]  This is MultiQC v1.9
[2021-01-23 22:24:31,449] multiqc                                            [DEBUG  ]  Command     : /usr/local/bin/multiqc .
[2021-01-23 22:24:31,449] multiqc                                            [DEBUG  ]  Working dir : /scratch/bhargava/nextflow-test/work/3b/bfc3ceb83c8b8583b23deb81e1d186
[2021-01-23 22:24:31,449] multiqc                                            [INFO   ]  Template    : default
[2021-01-23 22:24:31,449] multiqc                                            [DEBUG  ]  Running Python 3.8.5 | packaged by conda-forge | (default, Jul 24 2020, 01:25:15)  [GCC 7.5.0]
[2021-01-23 22:24:31,449] multiqc                                            [INFO   ]  Searching   : /scratch/bhargava/nextflow-test/work/3b/bfc3ceb83c8b8583b23deb81e1d186
[2021-01-23 22:24:31,449] multiqc                                            [DEBUG  ]  Analysing modules: custom_content, conpair, peddy, somalier, methylQA, mosdepth, phantompeakqualtools, qualimap, preseq, quast, qorts, rna_seqc, rockhopper, rsem, rseqc, busco, goleft_indexcov, disambiguate, supernova, deeptools, sargasso, verifybamid, mirtrace, happy, mirtop, homer, macs2, theta2, snpeff, gatk, htseq, bcftools, featureCounts, fgbio, dragen, dedup, damageprofiler, biobambam2, mtnucratio, picard, prokka, samblaster, samtools, sexdeterrmine, bamtools, jellyfish, vcftools, longranger, stacks, varscan2, bbmap, bismark, biscuit, hicexplorer, hicup, hicpro, salmon, kallisto, slamdunk, star, hisat2, tophat, bowtie2, bowtie1, snpsplit, kat, leehom, adapterRemoval, clipandmerge, cutadapt, flexbar, kaiju, kraken, malt, trimmomatic, sickle, skewer, sortmerna, biobloomtools, fastq_screen, afterqc, fastp, fastqc, pycoqc, minionqc, multivcfanalyzer, clusterflow, bcl2fastq, interop, ivar, flash, seqyclean
[2021-01-23 22:24:31,449] multiqc                                            [DEBUG  ]  Using temporary directory for creating report: /tmp/tmp9o57ejlv
[2021-01-23 22:24:31,557] multiqc                                            [DEBUG  ]  File ignored by hicexplorer because it exceeded search pattern filesize limit: .command.run
[2021-01-23 22:24:31,558] multiqc                                            [DEBUG  ]  File ignored by longranger/invocation because it exceeded search pattern filesize limit: .command.run
[2021-01-23 22:24:31,580] multiqc                                            [DEBUG  ]  File ignored by hicexplorer because it exceeded search pattern filesize limit: sample3_nf_fastqc.html
[2021-01-23 22:24:31,581] multiqc                                            [DEBUG  ]  File ignored by longranger/invocation because it exceeded search pattern filesize limit: sample3_nf_fastqc.html
[2021-01-23 22:24:31,609] multiqc                                            [DEBUG  ]  File ignored by hicexplorer because it exceeded search pattern filesize limit: sub3_fastqc.html
[2021-01-23 22:24:31,610] multiqc                                            [DEBUG  ]  File ignored by longranger/invocation because it exceeded search pattern filesize limit: sub3_fastqc.html
[2021-01-23 22:24:31,637] multiqc                                            [DEBUG  ]  File ignored by hicexplorer because it exceeded search pattern filesize limit: sub1_fastqc.html
[2021-01-23 22:24:31,638] multiqc                                            [DEBUG  ]  File ignored by longranger/invocation because it exceeded search pattern filesize limit: sub1_fastqc.html
[2021-01-23 22:24:31,664] multiqc                                            [DEBUG  ]  File ignored by hicexplorer because it exceeded search pattern filesize limit: sample1_nf_fastqc.html
[2021-01-23 22:24:31,665] multiqc                                            [DEBUG  ]  File ignored by longranger/invocation because it exceeded search pattern filesize limit: sample1_nf_fastqc.html
[2021-01-23 22:24:31,693] multiqc                                            [DEBUG  ]  File ignored by hicexplorer because it exceeded search pattern filesize limit: sub2_fastqc.html
[2021-01-23 22:24:31,694] multiqc                                            [DEBUG  ]  File ignored by longranger/invocation because it exceeded search pattern filesize limit: sub2_fastqc.html
[2021-01-23 22:24:31,719] multiqc                                            [DEBUG  ]  File ignored by hicexplorer because it exceeded search pattern filesize limit: sample2_nf_fastqc.html
[2021-01-23 22:24:31,720] multiqc                                            [DEBUG  ]  File ignored by longranger/invocation because it exceeded search pattern filesize limit: sample2_nf_fastqc.html
[2021-01-23 22:24:32,102] multiqc.plots.bargraph                             [DEBUG  ]  Using matplotlib version 3.3.0
[2021-01-23 22:24:32,103] multiqc.plots.linegraph                            [DEBUG  ]  Using matplotlib version 3.3.0
[2021-01-23 22:24:32,104] multiqc                                            [DEBUG  ]  No samples found: custom_content
[2021-01-23 22:24:32,127] multiqc                                            [DEBUG  ]  No samples found: conpair
[2021-01-23 22:24:32,130] multiqc                                            [DEBUG  ]  No samples found: peddy
[2021-01-23 22:24:32,134] multiqc                                            [DEBUG  ]  No samples found: somalier
[2021-01-23 22:24:32,137] multiqc                                            [DEBUG  ]  No samples found: methylQA
[2021-01-23 22:24:32,141] multiqc                                            [DEBUG  ]  No samples found: mosdepth
[2021-01-23 22:24:32,144] multiqc                                            [DEBUG  ]  No samples found: phantompeakqualtools
[2021-01-23 22:24:32,146] multiqc                                            [DEBUG  ]  No samples found: qualimap
[2021-01-23 22:24:32,149] multiqc                                            [DEBUG  ]  No samples found: preseq
[2021-01-23 22:24:32,152] multiqc                                            [DEBUG  ]  No samples found: quast
[2021-01-23 22:24:32,154] multiqc                                            [DEBUG  ]  No samples found: qorts
[2021-01-23 22:24:32,157] multiqc                                            [DEBUG  ]  No samples found: rna_seqc
[2021-01-23 22:24:32,159] multiqc                                            [DEBUG  ]  No samples found: rockhopper
[2021-01-23 22:24:32,162] multiqc                                            [DEBUG  ]  No samples found: rsem
[2021-01-23 22:24:32,167] multiqc                                            [DEBUG  ]  No samples found: rseqc
[2021-01-23 22:24:32,170] multiqc                                            [DEBUG  ]  No samples found: busco
[2021-01-23 22:24:32,174] multiqc                                            [DEBUG  ]  No samples found: goleft_indexcov
[2021-01-23 22:24:32,177] multiqc                                            [DEBUG  ]  No samples found: disambiguate
[2021-01-23 22:24:32,180] multiqc                                            [DEBUG  ]  No samples found: supernova
[2021-01-23 22:24:32,185] multiqc                                            [DEBUG  ]  No samples found: deeptools
[2021-01-23 22:24:32,189] multiqc                                            [DEBUG  ]  No samples found: sargasso
[2021-01-23 22:24:32,192] multiqc                                            [DEBUG  ]  No samples found: verifybamid
[2021-01-23 22:24:32,195] multiqc                                            [DEBUG  ]  No samples found: mirtrace
[2021-01-23 22:24:32,198] multiqc                                            [DEBUG  ]  No samples found: happy
[2021-01-23 22:24:32,200] multiqc                                            [DEBUG  ]  No samples found: mirtop
[2021-01-23 22:24:32,204] multiqc                                            [DEBUG  ]  No samples found: homer
[2021-01-23 22:24:32,206] multiqc                                            [DEBUG  ]  No samples found: macs2
[2021-01-23 22:24:32,209] multiqc                                            [DEBUG  ]  No samples found: theta2
[2021-01-23 22:24:32,212] multiqc                                            [DEBUG  ]  No samples found: snpeff
[2021-01-23 22:24:32,215] multiqc                                            [DEBUG  ]  No samples found: gatk
[2021-01-23 22:24:32,218] multiqc                                            [DEBUG  ]  No samples found: htseq
[2021-01-23 22:24:32,221] multiqc                                            [DEBUG  ]  No samples found: bcftools
[2021-01-23 22:24:32,224] multiqc                                            [DEBUG  ]  No samples found: featureCounts
[2021-01-23 22:24:32,228] multiqc                                            [DEBUG  ]  No samples found: fgbio
[2021-01-23 22:24:32,233] multiqc                                            [DEBUG  ]  No samples found: dragen
[2021-01-23 22:24:32,236] multiqc                                            [DEBUG  ]  No samples found: dedup
[2021-01-23 22:24:32,238] multiqc                                            [DEBUG  ]  No samples found: damageprofiler
[2021-01-23 22:24:32,247] multiqc                                            [DEBUG  ]  No samples found: biobambam2
[2021-01-23 22:24:32,250] multiqc                                            [DEBUG  ]  No samples found: mtnucratio
[2021-01-23 22:24:32,252] multiqc                                            [DEBUG  ]  No samples found: picard
[2021-01-23 22:24:32,255] multiqc                                            [DEBUG  ]  No samples found: prokka
[2021-01-23 22:24:32,257] multiqc                                            [DEBUG  ]  No samples found: samblaster
[2021-01-23 22:24:32,261] multiqc                                            [DEBUG  ]  No samples found: samtools
[2021-01-23 22:24:32,263] multiqc                                            [DEBUG  ]  No samples found: sexdeterrmine
[2021-01-23 22:24:32,267] multiqc                                            [DEBUG  ]  No samples found: bamtools
[2021-01-23 22:24:32,270] multiqc                                            [DEBUG  ]  No samples found: jellyfish
[2021-01-23 22:24:32,274] multiqc                                            [DEBUG  ]  No samples found: vcftools
[2021-01-23 22:24:32,276] multiqc                                            [DEBUG  ]  No samples found: longranger
[2021-01-23 22:24:32,279] multiqc                                            [DEBUG  ]  No samples found: stacks
[2021-01-23 22:24:32,281] multiqc                                            [DEBUG  ]  No samples found: varscan2
[2021-01-23 22:24:32,286] multiqc                                            [DEBUG  ]  No samples found: bbmap
[2021-01-23 22:24:32,294] multiqc                                            [DEBUG  ]  No samples found: bismark
[2021-01-23 22:24:32,298] multiqc                                            [DEBUG  ]  No samples found: biscuit
[2021-01-23 22:24:32,301] multiqc                                            [DEBUG  ]  No samples found: hicexplorer
[2021-01-23 22:24:32,304] multiqc                                            [DEBUG  ]  No samples found: hicup
[2021-01-23 22:24:32,307] multiqc                                            [DEBUG  ]  No samples found: hicpro
[2021-01-23 22:24:32,310] multiqc                                            [DEBUG  ]  No samples found: salmon
[2021-01-23 22:24:32,312] multiqc                                            [DEBUG  ]  No samples found: kallisto
[2021-01-23 22:24:32,317] multiqc                                            [DEBUG  ]  No samples found: slamdunk
[2021-01-23 22:24:32,320] multiqc                                            [DEBUG  ]  No samples found: star
[2021-01-23 22:24:32,323] multiqc                                            [DEBUG  ]  No samples found: hisat2
[2021-01-23 22:24:32,326] multiqc                                            [DEBUG  ]  No samples found: tophat
[2021-01-23 22:24:32,329] multiqc                                            [DEBUG  ]  No samples found: bowtie2
[2021-01-23 22:24:32,331] multiqc                                            [DEBUG  ]  No samples found: bowtie1
[2021-01-23 22:24:32,334] multiqc                                            [DEBUG  ]  No samples found: snpsplit
[2021-01-23 22:24:32,337] multiqc                                            [DEBUG  ]  No samples found: kat
[2021-01-23 22:24:32,339] multiqc                                            [DEBUG  ]  No samples found: leehom
[2021-01-23 22:24:32,342] multiqc                                            [DEBUG  ]  No samples found: adapterRemoval
[2021-01-23 22:24:32,345] multiqc                                            [DEBUG  ]  No samples found: clipandmerge
[2021-01-23 22:24:32,348] multiqc                                            [DEBUG  ]  No samples found: cutadapt
[2021-01-23 22:24:32,351] multiqc                                            [DEBUG  ]  No samples found: flexbar
[2021-01-23 22:24:32,354] multiqc                                            [DEBUG  ]  No samples found: kaiju
[2021-01-23 22:24:32,357] multiqc                                            [DEBUG  ]  No samples found: kraken
[2021-01-23 22:24:32,359] multiqc                                            [DEBUG  ]  No samples found: malt
[2021-01-23 22:24:32,362] multiqc                                            [DEBUG  ]  No samples found: trimmomatic
[2021-01-23 22:24:32,365] multiqc                                            [DEBUG  ]  No samples found: sickle
[2021-01-23 22:24:32,368] multiqc                                            [DEBUG  ]  No samples found: skewer
[2021-01-23 22:24:32,371] multiqc                                            [DEBUG  ]  No samples found: sortmerna
[2021-01-23 22:24:32,373] multiqc                                            [DEBUG  ]  No samples found: biobloomtools
[2021-01-23 22:24:32,377] multiqc                                            [DEBUG  ]  No samples found: fastq_screen
[2021-01-23 22:24:32,379] multiqc                                            [DEBUG  ]  No samples found: afterqc
[2021-01-23 22:24:32,382] multiqc                                            [DEBUG  ]  No samples found: fastp
[2021-01-23 22:24:32,399] multiqc.modules.fastqc.fastqc                      [INFO   ]  Found 6 reports
[2021-01-23 22:24:32,504] multiqc                                            [DEBUG  ]  No samples found: pycoqc
[2021-01-23 22:24:32,507] multiqc                                            [DEBUG  ]  No samples found: minionqc
[2021-01-23 22:24:32,510] multiqc                                            [DEBUG  ]  No samples found: multivcfanalyzer
[2021-01-23 22:24:32,513] multiqc                                            [DEBUG  ]  No samples found: clusterflow
[2021-01-23 22:24:32,516] multiqc                                            [DEBUG  ]  No samples found: bcl2fastq
[2021-01-23 22:24:32,520] multiqc                                            [DEBUG  ]  No samples found: interop
[2021-01-23 22:24:32,522] multiqc                                            [DEBUG  ]  No samples found: ivar
[2021-01-23 22:24:32,525] multiqc                                            [DEBUG  ]  No samples found: flash
[2021-01-23 22:24:32,528] multiqc                                            [DEBUG  ]  No samples found: seqyclean
[2021-01-23 22:24:32,538] multiqc                                            [INFO   ]  Compressing plot data
[2021-01-23 22:24:32,608] multiqc                                            [INFO   ]  Report      : multiqc_report.html
[2021-01-23 22:24:32,608] multiqc                                            [INFO   ]  Data        : multiqc_data
[2021-01-23 22:24:32,608] multiqc                                            [DEBUG  ]  Moving data file from '/tmp/tmp9o57ejlv/multiqc_data' to '/scratch/bhargava/nextflow-test/work/3b/bfc3ceb83c8b8583b23deb81e1d186/multiqc_data'
[2021-01-23 22:24:32,695] multiqc                                            [INFO   ]  MultiQC complete
