[2021-01-25 16:19:22,698] multiqc                                            [DEBUG  ]  No MultiQC config found: /usr/local/lib/python3.8/site-packages/multiqc_config.yaml
[2021-01-25 16:19:22,698] multiqc                                            [DEBUG  ]  No MultiQC config found: /home/bhargavam/.multiqc_config.yaml
[2021-01-25 16:19:22,698] multiqc                                            [DEBUG  ]  No MultiQC config found: multiqc_config.yaml
[2021-01-25 16:19:22,698] multiqc                                            [DEBUG  ]  Command used: /usr/local/bin/multiqc .
[2021-01-25 16:19:25,945] multiqc                                            [DEBUG  ]  Latest MultiQC version is v1.9
[2021-01-25 16:19:25,945] multiqc                                            [INFO   ]  This is MultiQC v1.9
[2021-01-25 16:19:25,945] multiqc                                            [DEBUG  ]  Command     : /usr/local/bin/multiqc .
[2021-01-25 16:19:25,945] multiqc                                            [DEBUG  ]  Working dir : /scratch/bhargava/nextflow-test/work/71/0c148943b1632a47423b73fd484939
[2021-01-25 16:19:25,945] multiqc                                            [INFO   ]  Template    : default
[2021-01-25 16:19:25,945] multiqc                                            [DEBUG  ]  Running Python 3.8.5 | packaged by conda-forge | (default, Jul 24 2020, 01:25:15)  [GCC 7.5.0]
[2021-01-25 16:19:25,945] multiqc                                            [INFO   ]  Searching   : /scratch/bhargava/nextflow-test/work/71/0c148943b1632a47423b73fd484939
[2021-01-25 16:19:25,946] multiqc                                            [DEBUG  ]  Analysing modules: custom_content, conpair, peddy, somalier, methylQA, mosdepth, phantompeakqualtools, qualimap, preseq, quast, qorts, rna_seqc, rockhopper, rsem, rseqc, busco, goleft_indexcov, disambiguate, supernova, deeptools, sargasso, verifybamid, mirtrace, happy, mirtop, homer, macs2, theta2, snpeff, gatk, htseq, bcftools, featureCounts, fgbio, dragen, dedup, damageprofiler, biobambam2, mtnucratio, picard, prokka, samblaster, samtools, sexdeterrmine, bamtools, jellyfish, vcftools, longranger, stacks, varscan2, bbmap, bismark, biscuit, hicexplorer, hicup, hicpro, salmon, kallisto, slamdunk, star, hisat2, tophat, bowtie2, bowtie1, snpsplit, kat, leehom, adapterRemoval, clipandmerge, cutadapt, flexbar, kaiju, kraken, malt, trimmomatic, sickle, skewer, sortmerna, biobloomtools, fastq_screen, afterqc, fastp, fastqc, pycoqc, minionqc, multivcfanalyzer, clusterflow, bcl2fastq, interop, ivar, flash, seqyclean
[2021-01-25 16:19:25,946] multiqc                                            [DEBUG  ]  Using temporary directory for creating report: /tmp/tmpvbb0pfsh
[2021-01-25 16:19:26,090] multiqc                                            [DEBUG  ]  File ignored by hicexplorer because it exceeded search pattern filesize limit: .command.run
[2021-01-25 16:19:26,092] multiqc                                            [DEBUG  ]  File ignored by longranger/invocation because it exceeded search pattern filesize limit: .command.run
[2021-01-25 16:19:26,119] multiqc                                            [DEBUG  ]  File ignored by hicexplorer because it exceeded search pattern filesize limit: sub3_fastqc.html
[2021-01-25 16:19:26,120] multiqc                                            [DEBUG  ]  File ignored by longranger/invocation because it exceeded search pattern filesize limit: sub3_fastqc.html
[2021-01-25 16:19:26,149] multiqc                                            [DEBUG  ]  File ignored by hicexplorer because it exceeded search pattern filesize limit: sub1_fastqc.html
[2021-01-25 16:19:26,151] multiqc                                            [DEBUG  ]  File ignored by longranger/invocation because it exceeded search pattern filesize limit: sub1_fastqc.html
[2021-01-25 16:19:26,179] multiqc                                            [DEBUG  ]  File ignored by hicexplorer because it exceeded search pattern filesize limit: sub2_fastqc.html
[2021-01-25 16:19:26,180] multiqc                                            [DEBUG  ]  File ignored by longranger/invocation because it exceeded search pattern filesize limit: sub2_fastqc.html
[2021-01-25 16:19:26,611] multiqc.plots.bargraph                             [DEBUG  ]  Using matplotlib version 3.3.0
[2021-01-25 16:19:26,612] multiqc.plots.linegraph                            [DEBUG  ]  Using matplotlib version 3.3.0
[2021-01-25 16:19:26,613] multiqc                                            [DEBUG  ]  No samples found: custom_content
[2021-01-25 16:19:26,639] multiqc                                            [DEBUG  ]  No samples found: conpair
[2021-01-25 16:19:26,643] multiqc                                            [DEBUG  ]  No samples found: peddy
[2021-01-25 16:19:26,647] multiqc                                            [DEBUG  ]  No samples found: somalier
[2021-01-25 16:19:26,651] multiqc                                            [DEBUG  ]  No samples found: methylQA
[2021-01-25 16:19:26,657] multiqc                                            [DEBUG  ]  No samples found: mosdepth
[2021-01-25 16:19:26,664] multiqc                                            [DEBUG  ]  No samples found: phantompeakqualtools
[2021-01-25 16:19:26,668] multiqc                                            [DEBUG  ]  No samples found: qualimap
[2021-01-25 16:19:26,672] multiqc                                            [DEBUG  ]  No samples found: preseq
[2021-01-25 16:19:26,675] multiqc                                            [DEBUG  ]  No samples found: quast
[2021-01-25 16:19:26,678] multiqc                                            [DEBUG  ]  No samples found: qorts
[2021-01-25 16:19:26,681] multiqc                                            [DEBUG  ]  No samples found: rna_seqc
[2021-01-25 16:19:26,684] multiqc                                            [DEBUG  ]  No samples found: rockhopper
[2021-01-25 16:19:26,686] multiqc                                            [DEBUG  ]  No samples found: rsem
[2021-01-25 16:19:26,693] multiqc                                            [DEBUG  ]  No samples found: rseqc
[2021-01-25 16:19:26,696] multiqc                                            [DEBUG  ]  No samples found: busco
[2021-01-25 16:19:26,700] multiqc                                            [DEBUG  ]  No samples found: goleft_indexcov
[2021-01-25 16:19:26,704] multiqc                                            [DEBUG  ]  No samples found: disambiguate
[2021-01-25 16:19:26,707] multiqc                                            [DEBUG  ]  No samples found: supernova
[2021-01-25 16:19:26,713] multiqc                                            [DEBUG  ]  No samples found: deeptools
[2021-01-25 16:19:26,717] multiqc                                            [DEBUG  ]  No samples found: sargasso
[2021-01-25 16:19:26,721] multiqc                                            [DEBUG  ]  No samples found: verifybamid
[2021-01-25 16:19:26,724] multiqc                                            [DEBUG  ]  No samples found: mirtrace
[2021-01-25 16:19:26,727] multiqc                                            [DEBUG  ]  No samples found: happy
[2021-01-25 16:19:26,730] multiqc                                            [DEBUG  ]  No samples found: mirtop
[2021-01-25 16:19:26,734] multiqc                                            [DEBUG  ]  No samples found: homer
[2021-01-25 16:19:26,737] multiqc                                            [DEBUG  ]  No samples found: macs2
[2021-01-25 16:19:26,740] multiqc                                            [DEBUG  ]  No samples found: theta2
[2021-01-25 16:19:26,744] multiqc                                            [DEBUG  ]  No samples found: snpeff
[2021-01-25 16:19:26,748] multiqc                                            [DEBUG  ]  No samples found: gatk
[2021-01-25 16:19:26,751] multiqc                                            [DEBUG  ]  No samples found: htseq
[2021-01-25 16:19:26,755] multiqc                                            [DEBUG  ]  No samples found: bcftools
[2021-01-25 16:19:26,759] multiqc                                            [DEBUG  ]  No samples found: featureCounts
[2021-01-25 16:19:26,762] multiqc                                            [DEBUG  ]  No samples found: fgbio
[2021-01-25 16:19:26,768] multiqc                                            [DEBUG  ]  No samples found: dragen
[2021-01-25 16:19:26,772] multiqc                                            [DEBUG  ]  No samples found: dedup
[2021-01-25 16:19:26,775] multiqc                                            [DEBUG  ]  No samples found: damageprofiler
[2021-01-25 16:19:26,785] multiqc                                            [DEBUG  ]  No samples found: biobambam2
[2021-01-25 16:19:26,789] multiqc                                            [DEBUG  ]  No samples found: mtnucratio
[2021-01-25 16:19:26,791] multiqc                                            [DEBUG  ]  No samples found: picard
[2021-01-25 16:19:26,793] multiqc                                            [DEBUG  ]  No samples found: prokka
[2021-01-25 16:19:26,797] multiqc                                            [DEBUG  ]  No samples found: samblaster
[2021-01-25 16:19:26,800] multiqc                                            [DEBUG  ]  No samples found: samtools
[2021-01-25 16:19:26,804] multiqc                                            [DEBUG  ]  No samples found: sexdeterrmine
[2021-01-25 16:19:26,808] multiqc                                            [DEBUG  ]  No samples found: bamtools
[2021-01-25 16:19:26,814] multiqc                                            [DEBUG  ]  No samples found: jellyfish
[2021-01-25 16:19:26,821] multiqc                                            [DEBUG  ]  No samples found: vcftools
[2021-01-25 16:19:26,824] multiqc                                            [DEBUG  ]  No samples found: longranger
[2021-01-25 16:19:26,828] multiqc                                            [DEBUG  ]  No samples found: stacks
[2021-01-25 16:19:26,831] multiqc                                            [DEBUG  ]  No samples found: varscan2
[2021-01-25 16:19:26,837] multiqc                                            [DEBUG  ]  No samples found: bbmap
[2021-01-25 16:19:26,841] multiqc                                            [DEBUG  ]  No samples found: bismark
[2021-01-25 16:19:26,844] multiqc                                            [DEBUG  ]  No samples found: biscuit
[2021-01-25 16:19:26,847] multiqc                                            [DEBUG  ]  No samples found: hicexplorer
[2021-01-25 16:19:26,851] multiqc                                            [DEBUG  ]  No samples found: hicup
[2021-01-25 16:19:26,856] multiqc                                            [DEBUG  ]  No samples found: hicpro
[2021-01-25 16:19:26,859] multiqc                                            [DEBUG  ]  No samples found: salmon
[2021-01-25 16:19:26,862] multiqc                                            [DEBUG  ]  No samples found: kallisto
[2021-01-25 16:19:26,865] multiqc                                            [DEBUG  ]  No samples found: slamdunk
[2021-01-25 16:19:26,869] multiqc                                            [DEBUG  ]  No samples found: star
[2021-01-25 16:19:26,872] multiqc                                            [DEBUG  ]  No samples found: hisat2
[2021-01-25 16:19:26,875] multiqc                                            [DEBUG  ]  No samples found: tophat
[2021-01-25 16:19:26,878] multiqc                                            [DEBUG  ]  No samples found: bowtie2
[2021-01-25 16:19:26,880] multiqc                                            [DEBUG  ]  No samples found: bowtie1
[2021-01-25 16:19:26,883] multiqc                                            [DEBUG  ]  No samples found: snpsplit
[2021-01-25 16:19:26,886] multiqc                                            [DEBUG  ]  No samples found: kat
[2021-01-25 16:19:26,889] multiqc                                            [DEBUG  ]  No samples found: leehom
[2021-01-25 16:19:26,892] multiqc                                            [DEBUG  ]  No samples found: adapterRemoval
[2021-01-25 16:19:26,895] multiqc                                            [DEBUG  ]  No samples found: clipandmerge
[2021-01-25 16:19:26,898] multiqc                                            [DEBUG  ]  No samples found: cutadapt
[2021-01-25 16:19:26,901] multiqc                                            [DEBUG  ]  No samples found: flexbar
[2021-01-25 16:19:26,904] multiqc                                            [DEBUG  ]  No samples found: kaiju
[2021-01-25 16:19:26,906] multiqc                                            [DEBUG  ]  No samples found: kraken
[2021-01-25 16:19:26,909] multiqc                                            [DEBUG  ]  No samples found: malt
[2021-01-25 16:19:26,912] multiqc                                            [DEBUG  ]  No samples found: trimmomatic
[2021-01-25 16:19:26,915] multiqc                                            [DEBUG  ]  No samples found: sickle
[2021-01-25 16:19:26,918] multiqc                                            [DEBUG  ]  No samples found: skewer
[2021-01-25 16:19:26,921] multiqc                                            [DEBUG  ]  No samples found: sortmerna
[2021-01-25 16:19:26,924] multiqc                                            [DEBUG  ]  No samples found: biobloomtools
[2021-01-25 16:19:26,927] multiqc                                            [DEBUG  ]  No samples found: fastq_screen
[2021-01-25 16:19:26,930] multiqc                                            [DEBUG  ]  No samples found: afterqc
[2021-01-25 16:19:26,932] multiqc                                            [DEBUG  ]  No samples found: fastp
[2021-01-25 16:19:26,943] multiqc.modules.fastqc.fastqc                      [INFO   ]  Found 3 reports
[2021-01-25 16:19:27,018] multiqc                                            [DEBUG  ]  No samples found: pycoqc
[2021-01-25 16:19:27,021] multiqc                                            [DEBUG  ]  No samples found: minionqc
[2021-01-25 16:19:27,024] multiqc                                            [DEBUG  ]  No samples found: multivcfanalyzer
[2021-01-25 16:19:27,028] multiqc                                            [DEBUG  ]  No samples found: clusterflow
[2021-01-25 16:19:27,031] multiqc                                            [DEBUG  ]  No samples found: bcl2fastq
[2021-01-25 16:19:27,034] multiqc                                            [DEBUG  ]  No samples found: interop
[2021-01-25 16:19:27,037] multiqc                                            [DEBUG  ]  No samples found: ivar
[2021-01-25 16:19:27,040] multiqc                                            [DEBUG  ]  No samples found: flash
[2021-01-25 16:19:27,043] multiqc                                            [DEBUG  ]  No samples found: seqyclean
[2021-01-25 16:19:27,049] multiqc                                            [INFO   ]  Compressing plot data
[2021-01-25 16:19:27,093] multiqc                                            [INFO   ]  Report      : multiqc_report.html
[2021-01-25 16:19:27,094] multiqc                                            [INFO   ]  Data        : multiqc_data
[2021-01-25 16:19:27,094] multiqc                                            [DEBUG  ]  Moving data file from '/tmp/tmpvbb0pfsh/multiqc_data' to '/scratch/bhargava/nextflow-test/work/71/0c148943b1632a47423b73fd484939/multiqc_data'
[2021-01-25 16:19:27,183] multiqc                                            [INFO   ]  MultiQC complete
