[INFO   ]         multiqc : This is MultiQC v1.9
[INFO   ]         multiqc : Template    : default
[INFO   ]         multiqc : Searching   : /scratch/bhargava/nextflow-test/work/6b/d12c0d600f64b45b4daa5cd4019578
Traceback (most recent call last):
  File "/home/bhargavam/anaconda3/bin/multiqc", line 5, in <module>
    from multiqc.__main__ import multiqc
  File "/home/bhargavam/anaconda3/lib/python3.7/site-packages/multiqc/__main__.py", line 44, in <module>
    multiqc.run_cli(prog_name='multiqc')
  File "/home/bhargavam/anaconda3/lib/python3.7/site-packages/click/core.py", line 829, in __call__
    return self.main(*args, **kwargs)
  File "/home/bhargavam/anaconda3/lib/python3.7/site-packages/click/core.py", line 782, in main
    rv = self.invoke(ctx)
  File "/home/bhargavam/anaconda3/lib/python3.7/site-packages/click/core.py", line 1066, in invoke
    return ctx.invoke(self.callback, **ctx.params)
  File "/home/bhargavam/anaconda3/lib/python3.7/site-packages/click/core.py", line 610, in invoke
    return callback(*args, **kwargs)
  File "/home/bhargavam/anaconda3/lib/python3.7/site-packages/multiqc/multiqc.py", line 251, in run_cli
    kwargs=kwargs
  File "/home/bhargavam/anaconda3/lib/python3.7/site-packages/multiqc/multiqc.py", line 538, in run
    template_mod = config.avail_templates[config.template].load()
  File "/home/bhargavam/anaconda3/lib/python3.7/site-packages/pkg_resources/__init__.py", line 2461, in load
    self.require(*args, **kwargs)
  File "/home/bhargavam/anaconda3/lib/python3.7/site-packages/pkg_resources/__init__.py", line 2484, in require
    items = working_set.resolve(reqs, env, installer, extras=self.extras)
  File "/home/bhargavam/anaconda3/lib/python3.7/site-packages/pkg_resources/__init__.py", line 787, in resolve
    raise DistributionNotFound(req, requirers)
pkg_resources.DistributionNotFound: The 'requests' distribution was not found and is required by the application
