[2020-08-21 06:59:46,765] multiqc                                            [DEBUG  ]  No MultiQC config found: /usr/local/lib/python3.8/site-packages/multiqc_config.yaml
[2020-08-21 06:59:46,765] multiqc                                            [DEBUG  ]  No MultiQC config found: /home/bhargavam/.multiqc_config.yaml
[2020-08-21 06:59:46,765] multiqc                                            [DEBUG  ]  No MultiQC config found: multiqc_config.yaml
[2020-08-21 06:59:46,766] multiqc                                            [DEBUG  ]  Command used: /usr/local/bin/multiqc .
[2020-08-21 06:59:49,832] multiqc                                            [DEBUG  ]  Latest MultiQC version is v1.9
[2020-08-21 06:59:49,833] multiqc                                            [INFO   ]  This is MultiQC v1.9
[2020-08-21 06:59:49,833] multiqc                                            [DEBUG  ]  Command     : /usr/local/bin/multiqc .
[2020-08-21 06:59:49,833] multiqc                                            [DEBUG  ]  Working dir : /scratch/bhargava/nextflow-test/work/a9/8636e397b718d11707661731bea20e
[2020-08-21 06:59:49,833] multiqc                                            [INFO   ]  Template    : default
[2020-08-21 06:59:49,833] multiqc                                            [DEBUG  ]  Running Python 3.8.5 (default, Aug  4 2020, 16:24:08)  [GCC 8.3.0]
[2020-08-21 06:59:49,833] multiqc                                            [INFO   ]  Searching   : /scratch/bhargava/nextflow-test/work/a9/8636e397b718d11707661731bea20e
[2020-08-21 06:59:49,834] multiqc                                            [DEBUG  ]  Analysing modules: custom_content, conpair, peddy, somalier, methylQA, mosdepth, phantompeakqualtools, qualimap, preseq, quast, qorts, rna_seqc, rockhopper, rsem, rseqc, busco, goleft_indexcov, disambiguate, supernova, deeptools, sargasso, verifybamid, mirtrace, happy, mirtop, homer, macs2, theta2, snpeff, gatk, htseq, bcftools, featureCounts, fgbio, dragen, dedup, damageprofiler, biobambam2, mtnucratio, picard, prokka, samblaster, samtools, sexdeterrmine, bamtools, jellyfish, vcftools, longranger, stacks, varscan2, bbmap, bismark, biscuit, hicexplorer, hicup, hicpro, salmon, kallisto, slamdunk, star, hisat2, tophat, bowtie2, bowtie1, snpsplit, kat, leehom, adapterRemoval, clipandmerge, cutadapt, flexbar, kaiju, kraken, malt, trimmomatic, sickle, skewer, sortmerna, biobloomtools, fastq_screen, afterqc, fastp, fastqc, pycoqc, minionqc, multivcfanalyzer, clusterflow, bcl2fastq, interop, ivar, flash, seqyclean
[2020-08-21 06:59:49,834] multiqc                                            [DEBUG  ]  Using temporary directory for creating report: /tmp/tmp3f5gr3rm
[2020-08-21 06:59:49,979] multiqc                                            [DEBUG  ]  File ignored by longranger/invocation because it exceeded search pattern filesize limit: .command.run
[2020-08-21 06:59:50,007] multiqc                                            [DEBUG  ]  File ignored by hicexplorer because it exceeded search pattern filesize limit: sample3_nf_fastqc.html
[2020-08-21 06:59:50,008] multiqc                                            [DEBUG  ]  File ignored by longranger/invocation because it exceeded search pattern filesize limit: sample3_nf_fastqc.html
[2020-08-21 06:59:50,044] multiqc                                            [DEBUG  ]  File ignored by hicexplorer because it exceeded search pattern filesize limit: sub3_fastqc.html
[2020-08-21 06:59:50,045] multiqc                                            [DEBUG  ]  File ignored by longranger/invocation because it exceeded search pattern filesize limit: sub3_fastqc.html
[2020-08-21 06:59:50,079] multiqc                                            [DEBUG  ]  File ignored by hicexplorer because it exceeded search pattern filesize limit: sub1_fastqc.html
[2020-08-21 06:59:50,080] multiqc                                            [DEBUG  ]  File ignored by longranger/invocation because it exceeded search pattern filesize limit: sub1_fastqc.html
[2020-08-21 06:59:50,110] multiqc                                            [DEBUG  ]  File ignored by hicexplorer because it exceeded search pattern filesize limit: sample1_nf_fastqc.html
[2020-08-21 06:59:50,112] multiqc                                            [DEBUG  ]  File ignored by longranger/invocation because it exceeded search pattern filesize limit: sample1_nf_fastqc.html
[2020-08-21 06:59:50,140] multiqc                                            [DEBUG  ]  File ignored by hicexplorer because it exceeded search pattern filesize limit: sub2_fastqc.html
[2020-08-21 06:59:50,142] multiqc                                            [DEBUG  ]  File ignored by longranger/invocation because it exceeded search pattern filesize limit: sub2_fastqc.html
[2020-08-21 06:59:50,168] multiqc                                            [DEBUG  ]  File ignored by hicexplorer because it exceeded search pattern filesize limit: sample2_nf_fastqc.html
[2020-08-21 06:59:50,170] multiqc                                            [DEBUG  ]  File ignored by longranger/invocation because it exceeded search pattern filesize limit: sample2_nf_fastqc.html
[2020-08-21 06:59:50,610] multiqc.plots.bargraph                             [DEBUG  ]  Using matplotlib version 3.3.0
[2020-08-21 06:59:50,611] multiqc.plots.linegraph                            [DEBUG  ]  Using matplotlib version 3.3.0
[2020-08-21 06:59:50,612] multiqc                                            [DEBUG  ]  No samples found: custom_content
[2020-08-21 06:59:50,635] multiqc                                            [DEBUG  ]  No samples found: conpair
[2020-08-21 06:59:50,639] multiqc                                            [DEBUG  ]  No samples found: peddy
[2020-08-21 06:59:50,643] multiqc                                            [DEBUG  ]  No samples found: somalier
[2020-08-21 06:59:50,647] multiqc                                            [DEBUG  ]  No samples found: methylQA
[2020-08-21 06:59:50,653] multiqc                                            [DEBUG  ]  No samples found: mosdepth
[2020-08-21 06:59:50,657] multiqc                                            [DEBUG  ]  No samples found: phantompeakqualtools
[2020-08-21 06:59:50,660] multiqc                                            [DEBUG  ]  No samples found: qualimap
[2020-08-21 06:59:50,663] multiqc                                            [DEBUG  ]  No samples found: preseq
[2020-08-21 06:59:50,667] multiqc                                            [DEBUG  ]  No samples found: quast
[2020-08-21 06:59:50,671] multiqc                                            [DEBUG  ]  No samples found: qorts
[2020-08-21 06:59:50,674] multiqc                                            [DEBUG  ]  No samples found: rna_seqc
[2020-08-21 06:59:50,678] multiqc                                            [DEBUG  ]  No samples found: rockhopper
[2020-08-21 06:59:50,680] multiqc                                            [DEBUG  ]  No samples found: rsem
[2020-08-21 06:59:50,686] multiqc                                            [DEBUG  ]  No samples found: rseqc
[2020-08-21 06:59:50,691] multiqc                                            [DEBUG  ]  No samples found: busco
[2020-08-21 06:59:50,699] multiqc                                            [DEBUG  ]  No samples found: goleft_indexcov
[2020-08-21 06:59:50,704] multiqc                                            [DEBUG  ]  No samples found: disambiguate
[2020-08-21 06:59:50,707] multiqc                                            [DEBUG  ]  No samples found: supernova
[2020-08-21 06:59:50,712] multiqc                                            [DEBUG  ]  No samples found: deeptools
[2020-08-21 06:59:50,716] multiqc                                            [DEBUG  ]  No samples found: sargasso
[2020-08-21 06:59:50,719] multiqc                                            [DEBUG  ]  No samples found: verifybamid
[2020-08-21 06:59:50,723] multiqc                                            [DEBUG  ]  No samples found: mirtrace
[2020-08-21 06:59:50,726] multiqc                                            [DEBUG  ]  No samples found: happy
[2020-08-21 06:59:50,728] multiqc                                            [DEBUG  ]  No samples found: mirtop
[2020-08-21 06:59:50,732] multiqc                                            [DEBUG  ]  No samples found: homer
[2020-08-21 06:59:50,735] multiqc                                            [DEBUG  ]  No samples found: macs2
[2020-08-21 06:59:50,738] multiqc                                            [DEBUG  ]  No samples found: theta2
[2020-08-21 06:59:50,741] multiqc                                            [DEBUG  ]  No samples found: snpeff
[2020-08-21 06:59:50,745] multiqc                                            [DEBUG  ]  No samples found: gatk
[2020-08-21 06:59:50,748] multiqc                                            [DEBUG  ]  No samples found: htseq
[2020-08-21 06:59:50,752] multiqc                                            [DEBUG  ]  No samples found: bcftools
[2020-08-21 06:59:50,755] multiqc                                            [DEBUG  ]  No samples found: featureCounts
[2020-08-21 06:59:50,758] multiqc                                            [DEBUG  ]  No samples found: fgbio
[2020-08-21 06:59:50,764] multiqc                                            [DEBUG  ]  No samples found: dragen
[2020-08-21 06:59:50,767] multiqc                                            [DEBUG  ]  No samples found: dedup
[2020-08-21 06:59:50,770] multiqc                                            [DEBUG  ]  No samples found: damageprofiler
[2020-08-21 06:59:50,779] multiqc                                            [DEBUG  ]  No samples found: biobambam2
[2020-08-21 06:59:50,782] multiqc                                            [DEBUG  ]  No samples found: mtnucratio
[2020-08-21 06:59:50,784] multiqc                                            [DEBUG  ]  No samples found: picard
[2020-08-21 06:59:50,787] multiqc                                            [DEBUG  ]  No samples found: prokka
[2020-08-21 06:59:50,790] multiqc                                            [DEBUG  ]  No samples found: samblaster
[2020-08-21 06:59:50,794] multiqc                                            [DEBUG  ]  No samples found: samtools
[2020-08-21 06:59:50,797] multiqc                                            [DEBUG  ]  No samples found: sexdeterrmine
[2020-08-21 06:59:50,801] multiqc                                            [DEBUG  ]  No samples found: bamtools
[2020-08-21 06:59:50,804] multiqc                                            [DEBUG  ]  No samples found: jellyfish
[2020-08-21 06:59:50,808] multiqc                                            [DEBUG  ]  No samples found: vcftools
[2020-08-21 06:59:50,811] multiqc                                            [DEBUG  ]  No samples found: longranger
[2020-08-21 06:59:50,815] multiqc                                            [DEBUG  ]  No samples found: stacks
[2020-08-21 06:59:50,818] multiqc                                            [DEBUG  ]  No samples found: varscan2
[2020-08-21 06:59:50,824] multiqc                                            [DEBUG  ]  No samples found: bbmap
[2020-08-21 06:59:50,828] multiqc                                            [DEBUG  ]  No samples found: bismark
[2020-08-21 06:59:50,833] multiqc                                            [DEBUG  ]  No samples found: biscuit
[2020-08-21 06:59:50,838] multiqc                                            [DEBUG  ]  No samples found: hicexplorer
[2020-08-21 06:59:50,842] multiqc                                            [DEBUG  ]  No samples found: hicup
[2020-08-21 06:59:50,845] multiqc                                            [DEBUG  ]  No samples found: hicpro
[2020-08-21 06:59:50,849] multiqc                                            [DEBUG  ]  No samples found: salmon
[2020-08-21 06:59:50,853] multiqc                                            [DEBUG  ]  No samples found: kallisto
[2020-08-21 06:59:50,857] multiqc                                            [DEBUG  ]  No samples found: slamdunk
[2020-08-21 06:59:50,861] multiqc                                            [DEBUG  ]  No samples found: star
[2020-08-21 06:59:50,864] multiqc                                            [DEBUG  ]  No samples found: hisat2
[2020-08-21 06:59:50,867] multiqc                                            [DEBUG  ]  No samples found: tophat
[2020-08-21 06:59:50,870] multiqc                                            [DEBUG  ]  No samples found: bowtie2
[2020-08-21 06:59:50,873] multiqc                                            [DEBUG  ]  No samples found: bowtie1
[2020-08-21 06:59:50,876] multiqc                                            [DEBUG  ]  No samples found: snpsplit
[2020-08-21 06:59:50,879] multiqc                                            [DEBUG  ]  No samples found: kat
[2020-08-21 06:59:50,882] multiqc                                            [DEBUG  ]  No samples found: leehom
[2020-08-21 06:59:50,885] multiqc                                            [DEBUG  ]  No samples found: adapterRemoval
[2020-08-21 06:59:50,888] multiqc                                            [DEBUG  ]  No samples found: clipandmerge
[2020-08-21 06:59:50,891] multiqc                                            [DEBUG  ]  No samples found: cutadapt
[2020-08-21 06:59:50,894] multiqc                                            [DEBUG  ]  No samples found: flexbar
[2020-08-21 06:59:50,899] multiqc                                            [DEBUG  ]  No samples found: kaiju
[2020-08-21 06:59:50,902] multiqc                                            [DEBUG  ]  No samples found: kraken
[2020-08-21 06:59:50,905] multiqc                                            [DEBUG  ]  No samples found: malt
[2020-08-21 06:59:50,907] multiqc                                            [DEBUG  ]  No samples found: trimmomatic
[2020-08-21 06:59:50,911] multiqc                                            [DEBUG  ]  No samples found: sickle
[2020-08-21 06:59:50,913] multiqc                                            [DEBUG  ]  No samples found: skewer
[2020-08-21 06:59:50,916] multiqc                                            [DEBUG  ]  No samples found: sortmerna
[2020-08-21 06:59:50,919] multiqc                                            [DEBUG  ]  No samples found: biobloomtools
[2020-08-21 06:59:50,923] multiqc                                            [DEBUG  ]  No samples found: fastq_screen
[2020-08-21 06:59:50,926] multiqc                                            [DEBUG  ]  No samples found: afterqc
[2020-08-21 06:59:50,929] multiqc                                            [DEBUG  ]  No samples found: fastp
[2020-08-21 06:59:50,944] multiqc.modules.fastqc.fastqc                      [INFO   ]  Found 6 reports
[2020-08-21 06:59:51,050] multiqc                                            [DEBUG  ]  No samples found: pycoqc
[2020-08-21 06:59:51,053] multiqc                                            [DEBUG  ]  No samples found: minionqc
[2020-08-21 06:59:51,056] multiqc                                            [DEBUG  ]  No samples found: multivcfanalyzer
[2020-08-21 06:59:51,060] multiqc                                            [DEBUG  ]  No samples found: clusterflow
[2020-08-21 06:59:51,064] multiqc                                            [DEBUG  ]  No samples found: bcl2fastq
[2020-08-21 06:59:51,067] multiqc                                            [DEBUG  ]  No samples found: interop
[2020-08-21 06:59:51,070] multiqc                                            [DEBUG  ]  No samples found: ivar
[2020-08-21 06:59:51,073] multiqc                                            [DEBUG  ]  No samples found: flash
[2020-08-21 06:59:51,076] multiqc                                            [DEBUG  ]  No samples found: seqyclean
[2020-08-21 06:59:51,084] multiqc                                            [INFO   ]  Compressing plot data
[2020-08-21 06:59:51,167] multiqc                                            [INFO   ]  Report      : multiqc_report.html
[2020-08-21 06:59:51,167] multiqc                                            [INFO   ]  Data        : multiqc_data
[2020-08-21 06:59:51,167] multiqc                                            [DEBUG  ]  Moving data file from '/tmp/tmp3f5gr3rm/multiqc_data' to '/scratch/bhargava/nextflow-test/work/a9/8636e397b718d11707661731bea20e/multiqc_data'
[2020-08-21 06:59:51,261] multiqc                                            [INFO   ]  MultiQC complete
